  [1m[36m (1.7ms)[0m  [1mCREATE TABLE "schema_migrations" ("version" varchar NOT NULL) [0m
  [1m[35m (0.1ms)[0m  select sqlite_version(*)
  [1m[36m (1.6ms)[0m  [1mCREATE UNIQUE INDEX "unique_schema_migrations" ON "schema_migrations" ("version")[0m
  [1m[35mActiveRecord::SchemaMigration Load (0.1ms)[0m  SELECT "schema_migrations".* FROM "schema_migrations"


Started GET "/" for ::1 at 2015-11-17 17:47:54 -0600
Processing by Rails::WelcomeController#index as HTML
  Rendered /Users/admin/.rvm/gems/ruby-2.1.2/gems/railties-4.2.3/lib/rails/templates/rails/welcome/index.html.erb (2.8ms)
Completed 200 OK in 27ms (Views: 19.4ms | ActiveRecord: 0.0ms)
  [1m[36mActiveRecord::SchemaMigration Load (0.1ms)[0m  [1mSELECT "schema_migrations".* FROM "schema_migrations"[0m
Migrating to CreateStudents (1)
  [1m[35m (0.1ms)[0m  begin transaction
  [1m[36m (0.4ms)[0m  [1mCREATE TABLE "students" ("id" INTEGER PRIMARY KEY AUTOINCREMENT NOT NULL, "first_name" varchar, "last_name" varchar, "created_at" datetime NOT NULL, "updated_at" datetime NOT NULL) [0m
  [1m[35mSQL (0.3ms)[0m  INSERT INTO "schema_migrations" ("version") VALUES (?)  [["version", "1"]]
  [1m[36m (1.4ms)[0m  [1mcommit transaction[0m
  [1m[35mActiveRecord::SchemaMigration Load (0.1ms)[0m  SELECT "schema_migrations".* FROM "schema_migrations"
  [1m[36m (0.1ms)[0m  [1mbegin transaction[0m
  [1m[35mSQL (0.3ms)[0m  INSERT INTO "students" ("first_name", "last_name", "created_at", "updated_at") VALUES (?, ?, ?, ?)  [["first_name", "Jordan"], ["last_name", "Hudgens"], ["created_at", "2015-11-18 00:10:55.545365"], ["updated_at", "2015-11-18 00:10:55.545365"]]
  [1m[36m (2.9ms)[0m  [1mcommit transaction[0m
  [1m[35mStudent Load (0.2ms)[0m  SELECT  "students".* FROM "students"  ORDER BY "students"."id" DESC LIMIT 1
  [1m[36m (0.1ms)[0m  [1mbegin transaction[0m
  [1m[35mSQL (0.3ms)[0m  INSERT INTO "students" ("created_at", "updated_at") VALUES (?, ?)  [["created_at", "2015-11-18 00:17:49.095449"], ["updated_at", "2015-11-18 00:17:49.095449"]]
  [1m[36m (1.2ms)[0m  [1mcommit transaction[0m
  [1m[35mStudent Load (0.2ms)[0m  SELECT  "students".* FROM "students"  ORDER BY "students"."id" DESC LIMIT 1
  [1m[36mActiveRecord::SchemaMigration Load (0.1ms)[0m  [1mSELECT "schema_migrations".* FROM "schema_migrations"[0m
  [1m[35mActiveRecord::SchemaMigration Load (0.1ms)[0m  SELECT "schema_migrations".* FROM "schema_migrations"


Started GET "/" for ::1 at 2015-11-18 13:36:42 -0600
  [1m[36mActiveRecord::SchemaMigration Load (0.1ms)[0m  [1mSELECT "schema_migrations".* FROM "schema_migrations"[0m
Processing by Rails::WelcomeController#index as HTML
  Rendered /Users/admin/.rvm/gems/ruby-2.1.2/gems/railties-4.2.3/lib/rails/templates/rails/welcome/index.html.erb (2.4ms)
Completed 200 OK in 39ms (Views: 24.5ms | ActiveRecord: 0.0ms)


Started GET "/" for ::1 at 2015-11-18 13:37:10 -0600
Processing by Rails::WelcomeController#index as HTML
  Rendered /Users/admin/.rvm/gems/ruby-2.1.2/gems/railties-4.2.3/lib/rails/templates/rails/welcome/index.html.erb (0.0ms)
Completed 200 OK in 1ms (Views: 0.7ms | ActiveRecord: 0.0ms)
  [1m[36mActiveRecord::SchemaMigration Load (0.5ms)[0m  [1mSELECT "schema_migrations".* FROM "schema_migrations"[0m
  [1m[35mActiveRecord::SchemaMigration Load (0.1ms)[0m  SELECT "schema_migrations".* FROM "schema_migrations"
  [1m[36mStudent Load (0.4ms)[0m  [1mSELECT  "students".* FROM "students"  ORDER BY "students"."id" DESC LIMIT 1[0m
  [1m[35mStudent Load (0.2ms)[0m  SELECT  "students".* FROM "students"  ORDER BY "students"."id" DESC LIMIT 1
  [1m[36m (0.1ms)[0m  [1mbegin transaction[0m
  [1m[35mSQL (0.6ms)[0m  DELETE FROM "students" WHERE "students"."id" = ?  [["id", 2]]
  [1m[36m (1.6ms)[0m  [1mcommit transaction[0m
  [1m[35mStudent Load (0.2ms)[0m  SELECT "students".* FROM "students"
  [1m[35m (1.2ms)[0m  [1m[35mCREATE TABLE "ar_internal_metadata" ("key" varchar NOT NULL PRIMARY KEY, "value" varchar, "created_at" datetime NOT NULL, "updated_at" datetime NOT NULL)[0m
  [1m[36mActiveRecord::SchemaMigration Load (0.1ms)[0m  [1m[34mSELECT "schema_migrations".* FROM "schema_migrations"[0m
Migrating to CreateSchools (20190316221508)
  [1m[35m (0.1ms)[0m  [1m[36mbegin transaction[0m
  [1m[35m (0.4ms)[0m  [1m[35mCREATE TABLE "schools" ("id" INTEGER PRIMARY KEY AUTOINCREMENT NOT NULL, "title" varchar, "roon_number" integer, "created_at" datetime NOT NULL, "updated_at" datetime NOT NULL)[0m
  [1m[35mSQL (0.2ms)[0m  [1m[32mINSERT INTO "schema_migrations" ("version") VALUES (?)[0m  [["version", "20190316221508"]]
  [1m[35m (0.9ms)[0m  [1m[36mcommit transaction[0m
  [1m[36mActiveRecord::InternalMetadata Load (0.2ms)[0m  [1m[34mSELECT  "ar_internal_metadata".* FROM "ar_internal_metadata" WHERE "ar_internal_metadata"."key" = ? LIMIT ?[0m  [["key", "environment"], ["LIMIT", 1]]
  [1m[35m (0.1ms)[0m  [1m[36mbegin transaction[0m
  [1m[35mSQL (0.4ms)[0m  [1m[32mINSERT INTO "ar_internal_metadata" ("key", "value", "created_at", "updated_at") VALUES (?, ?, ?, ?)[0m  [["key", "environment"], ["value", "development"], ["created_at", "2019-03-16 22:16:44.668444"], ["updated_at", "2019-03-16 22:16:44.668444"]]
  [1m[35m (0.9ms)[0m  [1m[36mcommit transaction[0m
  [1m[36mActiveRecord::SchemaMigration Load (0.2ms)[0m  [1m[34mSELECT "schema_migrations".* FROM "schema_migrations"[0m
Started GET "/" for ::1 at 2019-03-16 18:17:41 -0400
  [1m[36mActiveRecord::SchemaMigration Load (0.2ms)[0m  [1m[34mSELECT "schema_migrations".* FROM "schema_migrations"[0m
Processing by Rails::WelcomeController#index as HTML
  Parameters: {"internal"=>true}
  Rendering /Users/akramhelil/.rvm/gems/ruby-2.3.3/gems/railties-5.0.7.1/lib/rails/templates/rails/welcome/index.html.erb
  Rendered /Users/akramhelil/.rvm/gems/ruby-2.3.3/gems/railties-5.0.7.1/lib/rails/templates/rails/welcome/index.html.erb (4.1ms)
Completed 200 OK in 28ms (Views: 14.8ms | ActiveRecord: 0.0ms)


Started GET "/schools" for ::1 at 2019-03-16 18:18:28 -0400
  
AbstractController::ActionNotFound (The action 'index' could not be found for SchoolsController):
  
actionpack (5.0.7.1) lib/abstract_controller/base.rb:121:in `process'
actionview (5.0.7.1) lib/action_view/rendering.rb:30:in `process'
actionpack (5.0.7.1) lib/action_controller/metal.rb:190:in `dispatch'
actionpack (5.0.7.1) lib/action_controller/metal.rb:262:in `dispatch'
actionpack (5.0.7.1) lib/action_dispatch/routing/route_set.rb:50:in `dispatch'
actionpack (5.0.7.1) lib/action_dispatch/routing/route_set.rb:32:in `serve'
actionpack (5.0.7.1) lib/action_dispatch/journey/router.rb:39:in `block in serve'
actionpack (5.0.7.1) lib/action_dispatch/journey/router.rb:26:in `each'
actionpack (5.0.7.1) lib/action_dispatch/journey/router.rb:26:in `serve'
actionpack (5.0.7.1) lib/action_dispatch/routing/route_set.rb:727:in `call'
rack (2.0.6) lib/rack/etag.rb:25:in `call'
rack (2.0.6) lib/rack/conditional_get.rb:25:in `call'
rack (2.0.6) lib/rack/head.rb:12:in `call'
rack (2.0.6) lib/rack/session/abstract/id.rb:232:in `context'
rack (2.0.6) lib/rack/session/abstract/id.rb:226:in `call'
actionpack (5.0.7.1) lib/action_dispatch/middleware/cookies.rb:613:in `call'
activerecord (5.0.7.1) lib/active_record/migration.rb:553:in `call'
actionpack (5.0.7.1) lib/action_dispatch/middleware/callbacks.rb:38:in `block in call'
activesupport (5.0.7.1) lib/active_support/callbacks.rb:97:in `__run_callbacks__'
activesupport (5.0.7.1) lib/active_support/callbacks.rb:750:in `_run_call_callbacks'
activesupport (5.0.7.1) lib/active_support/callbacks.rb:90:in `run_callbacks'
actionpack (5.0.7.1) lib/action_dispatch/middleware/callbacks.rb:36:in `call'
actionpack (5.0.7.1) lib/action_dispatch/middleware/executor.rb:12:in `call'
actionpack (5.0.7.1) lib/action_dispatch/middleware/remote_ip.rb:79:in `call'
actionpack (5.0.7.1) lib/action_dispatch/middleware/debug_exceptions.rb:49:in `call'
actionpack (5.0.7.1) lib/action_dispatch/middleware/show_exceptions.rb:31:in `call'
railties (5.0.7.1) lib/rails/rack/logger.rb:36:in `call_app'
railties (5.0.7.1) lib/rails/rack/logger.rb:24:in `block in call'
activesupport (5.0.7.1) lib/active_support/tagged_logging.rb:69:in `block in tagged'
activesupport (5.0.7.1) lib/active_support/tagged_logging.rb:26:in `tagged'
activesupport (5.0.7.1) lib/active_support/tagged_logging.rb:69:in `tagged'
railties (5.0.7.1) lib/rails/rack/logger.rb:24:in `call'
sprockets-rails (3.2.1) lib/sprockets/rails/quiet_assets.rb:13:in `call'
actionpack (5.0.7.1) lib/action_dispatch/middleware/request_id.rb:24:in `call'
rack (2.0.6) lib/rack/method_override.rb:22:in `call'
rack (2.0.6) lib/rack/runtime.rb:22:in `call'
activesupport (5.0.7.1) lib/active_support/cache/strategy/local_cache_middleware.rb:28:in `call'
actionpack (5.0.7.1) lib/action_dispatch/middleware/executor.rb:12:in `call'
actionpack (5.0.7.1) lib/action_dispatch/middleware/static.rb:136:in `call'
rack (2.0.6) lib/rack/sendfile.rb:111:in `call'
railties (5.0.7.1) lib/rails/engine.rb:522:in `call'
rack (2.0.6) lib/rack/handler/webrick.rb:86:in `service'
/Users/akramhelil/.rvm/rubies/ruby-2.3.3/lib/ruby/2.3.0/webrick/httpserver.rb:140:in `service'
/Users/akramhelil/.rvm/rubies/ruby-2.3.3/lib/ruby/2.3.0/webrick/httpserver.rb:96:in `run'
/Users/akramhelil/.rvm/rubies/ruby-2.3.3/lib/ruby/2.3.0/webrick/server.rb:296:in `block in start_thread'
  Rendering /Users/akramhelil/.rvm/gems/ruby-2.3.3/gems/actionpack-5.0.7.1/lib/action_dispatch/middleware/templates/rescues/unknown_action.html.erb within rescues/layout
  Rendered /Users/akramhelil/.rvm/gems/ruby-2.3.3/gems/actionpack-5.0.7.1/lib/action_dispatch/middleware/templates/rescues/unknown_action.html.erb within rescues/layout (5.6ms)
Started GET "/schools" for ::1 at 2019-03-16 18:19:02 -0400
Processing by SchoolsController#index as HTML
  Rendering schools/index.erb within layouts/application
  Rendered schools/index.erb within layouts/application (0.6ms)
Completed 200 OK in 968ms (Views: 967.1ms | ActiveRecord: 0.0ms)


Started GET "/schools" for ::1 at 2019-03-16 18:19:25 -0400
Processing by SchoolsController#index as HTML
  Rendering schools/index.erb within layouts/application
  Rendered schools/index.erb within layouts/application (0.5ms)
Completed 200 OK in 35ms (Views: 34.1ms | ActiveRecord: 0.0ms)


Started GET "/schools" for ::1 at 2019-03-16 18:19:26 -0400
Processing by SchoolsController#index as HTML
  Rendering schools/index.erb within layouts/application
  Rendered schools/index.erb within layouts/application (0.4ms)
Completed 200 OK in 32ms (Views: 31.4ms | ActiveRecord: 0.0ms)


Started GET "/schools" for ::1 at 2019-03-16 18:20:30 -0400
Processing by SchoolsController#index as HTML
  Rendering schools/index.erb within layouts/application
  Rendered schools/index.erb within layouts/application (0.4ms)
Completed 200 OK in 28ms (Views: 27.1ms | ActiveRecord: 0.0ms)


Started GET "/schools" for ::1 at 2019-03-16 18:20:31 -0400
Processing by SchoolsController#index as HTML
  Rendering schools/index.erb within layouts/application
  Rendered schools/index.erb within layouts/application (1.7ms)
Completed 200 OK in 82ms (Views: 81.1ms | ActiveRecord: 0.0ms)


Started GET "/schools" for ::1 at 2019-03-16 18:20:32 -0400
Processing by SchoolsController#index as HTML
  Rendering schools/index.erb within layouts/application
  Rendered schools/index.erb within layouts/application (0.6ms)
Completed 200 OK in 47ms (Views: 46.7ms | ActiveRecord: 0.0ms)


Started GET "/schools" for ::1 at 2019-03-16 18:20:32 -0400
Processing by SchoolsController#index as HTML
  Rendering schools/index.erb within layouts/application
  Rendered schools/index.erb within layouts/application (0.4ms)
Completed 200 OK in 20ms (Views: 19.0ms | ActiveRecord: 0.0ms)


Started GET "/schools" for ::1 at 2019-03-16 18:20:33 -0400
Processing by SchoolsController#index as HTML
  Rendering schools/index.erb within layouts/application
  Rendered schools/index.erb within layouts/application (0.6ms)
Completed 200 OK in 26ms (Views: 25.4ms | ActiveRecord: 0.0ms)


Started GET "/schools" for ::1 at 2019-03-16 18:20:33 -0400
Processing by SchoolsController#index as HTML
  Rendering schools/index.erb within layouts/application
  Rendered schools/index.erb within layouts/application (1.2ms)
Completed 200 OK in 43ms (Views: 42.3ms | ActiveRecord: 0.0ms)


Started GET "/schools" for ::1 at 2019-03-16 18:21:44 -0400
Processing by SchoolsController#index as HTML
  Rendering schools/index.erb within layouts/application
  Rendered schools/index.erb within layouts/application (0.6ms)
Completed 200 OK in 42ms (Views: 41.2ms | ActiveRecord: 0.0ms)


Started GET "/schools/new" for ::1 at 2019-03-16 18:23:43 -0400
Processing by SchoolsController#new as HTML
  Rendering schools/new.erb within layouts/application
  Rendered schools/new.erb within layouts/application (0.5ms)
Completed 200 OK in 34ms (Views: 30.9ms | ActiveRecord: 0.0ms)


  [1m[35m (0.1ms)[0m  [1m[36mbegin transaction[0m
  [1m[35mSQL (1.8ms)[0m  [1m[32mINSERT INTO "schools" ("title", "roon_number", "created_at", "updated_at") VALUES (?, ?, ?, ?)[0m  [["title", "SHit School"], ["roon_number", 104], ["created_at", "2019-03-16 22:26:30.815417"], ["updated_at", "2019-03-16 22:26:30.815417"]]
  [1m[35m (2.0ms)[0m  [1m[36mcommit transaction[0m
  [1m[36mSchool Load (0.3ms)[0m  [1m[34mSELECT  "schools".* FROM "schools" ORDER BY "schools"."id" ASC LIMIT ?[0m  [["LIMIT", 1]]
Started GET "/schools/new" for ::1 at 2019-03-16 18:27:06 -0400
Processing by SchoolsController#new as HTML
  Rendering schools/new.erb within layouts/application
  Rendered schools/new.erb within layouts/application (0.3ms)
Completed 200 OK in 32ms (Views: 29.1ms | ActiveRecord: 0.0ms)


Started GET "/schools/new" for ::1 at 2019-03-16 18:27:26 -0400
  
SyntaxError (/Users/akramhelil/Development/code/rails-form_for-lab-nyc-web-career-021819/app/controllers/schools_controller.rb:9: syntax error, unexpected ':', expecting keyword_end
/Users/akramhelil/Development/code/rails-form_for-lab-nyc-web-career-021819/app/controllers/schools_controller.rb:24: syntax error, unexpected end-of-input, expecting keyword_end):
  
app/controllers/schools_controller.rb:9: syntax error, unexpected ':', expecting keyword_end
app/controllers/schools_controller.rb:24: syntax error, unexpected end-of-input, expecting keyword_end
  Rendering /Users/akramhelil/.rvm/gems/ruby-2.3.3/gems/actionpack-5.0.7.1/lib/action_dispatch/middleware/templates/rescues/diagnostics.html.erb within rescues/layout
  Rendering /Users/akramhelil/.rvm/gems/ruby-2.3.3/gems/actionpack-5.0.7.1/lib/action_dispatch/middleware/templates/rescues/_source.html.erb
  Rendered /Users/akramhelil/.rvm/gems/ruby-2.3.3/gems/actionpack-5.0.7.1/lib/action_dispatch/middleware/templates/rescues/_source.html.erb (2.4ms)
  Rendering /Users/akramhelil/.rvm/gems/ruby-2.3.3/gems/actionpack-5.0.7.1/lib/action_dispatch/middleware/templates/rescues/_trace.html.erb
  Rendered /Users/akramhelil/.rvm/gems/ruby-2.3.3/gems/actionpack-5.0.7.1/lib/action_dispatch/middleware/templates/rescues/_trace.html.erb (1.4ms)
  Rendering /Users/akramhelil/.rvm/gems/ruby-2.3.3/gems/actionpack-5.0.7.1/lib/action_dispatch/middleware/templates/rescues/_request_and_response.html.erb
  Rendered /Users/akramhelil/.rvm/gems/ruby-2.3.3/gems/actionpack-5.0.7.1/lib/action_dispatch/middleware/templates/rescues/_request_and_response.html.erb (2.2ms)
  Rendered /Users/akramhelil/.rvm/gems/ruby-2.3.3/gems/actionpack-5.0.7.1/lib/action_dispatch/middleware/templates/rescues/diagnostics.html.erb within rescues/layout (108.4ms)
Started GET "/schools/new" for ::1 at 2019-03-16 18:27:43 -0400
Processing by SchoolsController#new as HTML
  Rendering schools/new.erb within layouts/application
  Rendered schools/new.erb within layouts/application (0.4ms)
Completed 200 OK in 22ms (Views: 21.6ms | ActiveRecord: 0.0ms)


Started GET "/schools/1" for ::1 at 2019-03-16 18:28:11 -0400
Processing by SchoolsController#show as HTML
  Parameters: {"id"=>"1"}
Redirected to http://localhost:3000/schools/1
Completed 302 Found in 2ms (ActiveRecord: 0.0ms)


Started GET "/schools/1" for ::1 at 2019-03-16 18:28:11 -0400
Processing by SchoolsController#show as HTML
  Parameters: {"id"=>"1"}
Redirected to http://localhost:3000/schools/1
Completed 302 Found in 1ms (ActiveRecord: 0.0ms)


Started GET "/schools/1" for ::1 at 2019-03-16 18:28:11 -0400
Processing by SchoolsController#show as HTML
  Parameters: {"id"=>"1"}
Redirected to http://localhost:3000/schools/1
Completed 302 Found in 1ms (ActiveRecord: 0.0ms)


Started GET "/schools/1" for ::1 at 2019-03-16 18:28:11 -0400
Processing by SchoolsController#show as HTML
  Parameters: {"id"=>"1"}
Redirected to http://localhost:3000/schools/1
Completed 302 Found in 1ms (ActiveRecord: 0.0ms)


Started GET "/schools/1" for ::1 at 2019-03-16 18:28:11 -0400
Processing by SchoolsController#show as HTML
  Parameters: {"id"=>"1"}
Redirected to http://localhost:3000/schools/1
Completed 302 Found in 1ms (ActiveRecord: 0.0ms)


Started GET "/schools/1" for ::1 at 2019-03-16 18:28:11 -0400
Processing by SchoolsController#show as HTML
  Parameters: {"id"=>"1"}
Redirected to http://localhost:3000/schools/1
Completed 302 Found in 1ms (ActiveRecord: 0.0ms)


Started GET "/schools/1" for ::1 at 2019-03-16 18:28:11 -0400
Processing by SchoolsController#show as HTML
  Parameters: {"id"=>"1"}
Redirected to http://localhost:3000/schools/1
Completed 302 Found in 1ms (ActiveRecord: 0.0ms)


Started GET "/schools/1" for ::1 at 2019-03-16 18:28:11 -0400
Processing by SchoolsController#show as HTML
  Parameters: {"id"=>"1"}
Redirected to http://localhost:3000/schools/1
Completed 302 Found in 1ms (ActiveRecord: 0.0ms)


Started GET "/schools/1" for ::1 at 2019-03-16 18:28:11 -0400
Processing by SchoolsController#show as HTML
  Parameters: {"id"=>"1"}
Redirected to http://localhost:3000/schools/1
Completed 302 Found in 1ms (ActiveRecord: 0.0ms)


Started GET "/schools/1" for ::1 at 2019-03-16 18:28:11 -0400
Processing by SchoolsController#show as HTML
  Parameters: {"id"=>"1"}
Redirected to http://localhost:3000/schools/1
Completed 302 Found in 1ms (ActiveRecord: 0.0ms)


Started GET "/schools/1" for ::1 at 2019-03-16 18:28:11 -0400
Processing by SchoolsController#show as HTML
  Parameters: {"id"=>"1"}
Redirected to http://localhost:3000/schools/1
Completed 302 Found in 1ms (ActiveRecord: 0.0ms)


Started GET "/schools/1" for ::1 at 2019-03-16 18:28:11 -0400
Processing by SchoolsController#show as HTML
  Parameters: {"id"=>"1"}
Redirected to http://localhost:3000/schools/1
Completed 302 Found in 1ms (ActiveRecord: 0.0ms)


Started GET "/schools/1" for ::1 at 2019-03-16 18:28:11 -0400
Processing by SchoolsController#show as HTML
  Parameters: {"id"=>"1"}
Redirected to http://localhost:3000/schools/1
Completed 302 Found in 1ms (ActiveRecord: 0.0ms)


Started GET "/schools/1" for ::1 at 2019-03-16 18:28:11 -0400
Processing by SchoolsController#show as HTML
  Parameters: {"id"=>"1"}
Redirected to http://localhost:3000/schools/1
Completed 302 Found in 1ms (ActiveRecord: 0.0ms)


Started GET "/schools/1" for ::1 at 2019-03-16 18:28:11 -0400
Processing by SchoolsController#show as HTML
  Parameters: {"id"=>"1"}
Redirected to http://localhost:3000/schools/1
Completed 302 Found in 1ms (ActiveRecord: 0.0ms)


Started GET "/schools/1" for ::1 at 2019-03-16 18:28:11 -0400
Processing by SchoolsController#show as HTML
  Parameters: {"id"=>"1"}
Redirected to http://localhost:3000/schools/1
Completed 302 Found in 1ms (ActiveRecord: 0.0ms)


Started GET "/schools/1" for ::1 at 2019-03-16 18:28:11 -0400
Processing by SchoolsController#show as HTML
  Parameters: {"id"=>"1"}
Redirected to http://localhost:3000/schools/1
Completed 302 Found in 1ms (ActiveRecord: 0.0ms)


Started GET "/schools/1" for ::1 at 2019-03-16 18:28:12 -0400
Processing by SchoolsController#show as HTML
  Parameters: {"id"=>"1"}
Redirected to http://localhost:3000/schools/1
Completed 302 Found in 1ms (ActiveRecord: 0.0ms)


Started GET "/schools/1" for ::1 at 2019-03-16 18:28:12 -0400
Processing by SchoolsController#show as HTML
  Parameters: {"id"=>"1"}
Redirected to http://localhost:3000/schools/1
Completed 302 Found in 1ms (ActiveRecord: 0.0ms)


Started GET "/schools/1" for ::1 at 2019-03-16 18:28:12 -0400
Processing by SchoolsController#show as HTML
  Parameters: {"id"=>"1"}
Redirected to http://localhost:3000/schools/1
Completed 302 Found in 1ms (ActiveRecord: 0.0ms)


Started GET "/schools/1" for ::1 at 2019-03-16 18:28:12 -0400
Processing by SchoolsController#show as HTML
  Parameters: {"id"=>"1"}
Redirected to http://localhost:3000/schools/1
Completed 302 Found in 1ms (ActiveRecord: 0.0ms)


Started GET "/schools/1" for ::1 at 2019-03-16 18:28:12 -0400
Processing by SchoolsController#show as HTML
  Parameters: {"id"=>"1"}
Redirected to http://localhost:3000/schools/1
Completed 302 Found in 2ms (ActiveRecord: 0.0ms)


Started GET "/schools/1" for ::1 at 2019-03-16 18:28:12 -0400
Processing by SchoolsController#show as HTML
  Parameters: {"id"=>"1"}
Redirected to http://localhost:3000/schools/1
Completed 302 Found in 2ms (ActiveRecord: 0.0ms)


Started GET "/schools/1" for ::1 at 2019-03-16 18:28:12 -0400
Processing by SchoolsController#show as HTML
  Parameters: {"id"=>"1"}
Redirected to http://localhost:3000/schools/1
Completed 302 Found in 2ms (ActiveRecord: 0.0ms)


Started GET "/schools/1" for ::1 at 2019-03-16 18:28:12 -0400
Processing by SchoolsController#show as HTML
  Parameters: {"id"=>"1"}
Redirected to http://localhost:3000/schools/1
Completed 302 Found in 5ms (ActiveRecord: 0.0ms)


Started GET "/schools/1" for ::1 at 2019-03-16 18:28:12 -0400
Processing by SchoolsController#show as HTML
  Parameters: {"id"=>"1"}
Redirected to http://localhost:3000/schools/1
Completed 302 Found in 9ms (ActiveRecord: 0.0ms)


Started GET "/schools/1" for ::1 at 2019-03-16 18:28:12 -0400
Processing by SchoolsController#show as HTML
  Parameters: {"id"=>"1"}
Redirected to http://localhost:3000/schools/1
Completed 302 Found in 1ms (ActiveRecord: 0.0ms)


Started GET "/schools/1" for ::1 at 2019-03-16 18:28:12 -0400
Processing by SchoolsController#show as HTML
  Parameters: {"id"=>"1"}
Redirected to http://localhost:3000/schools/1
Completed 302 Found in 1ms (ActiveRecord: 0.0ms)


Started GET "/schools/1" for ::1 at 2019-03-16 18:28:12 -0400
Processing by SchoolsController#show as HTML
  Parameters: {"id"=>"1"}
Redirected to http://localhost:3000/schools/1
Completed 302 Found in 2ms (ActiveRecord: 0.0ms)


Started GET "/schools/1" for ::1 at 2019-03-16 18:28:12 -0400
Processing by SchoolsController#show as HTML
  Parameters: {"id"=>"1"}
Redirected to http://localhost:3000/schools/1
Completed 302 Found in 1ms (ActiveRecord: 0.0ms)


Started GET "/schools/1" for ::1 at 2019-03-16 18:28:12 -0400
Processing by SchoolsController#show as HTML
  Parameters: {"id"=>"1"}
Redirected to http://localhost:3000/schools/1
Completed 302 Found in 2ms (ActiveRecord: 0.0ms)


Started GET "/schools/1" for ::1 at 2019-03-16 18:28:12 -0400
Processing by SchoolsController#show as HTML
  Parameters: {"id"=>"1"}
Redirected to http://localhost:3000/schools/1
Completed 302 Found in 1ms (ActiveRecord: 0.0ms)


Started GET "/schools/1" for ::1 at 2019-03-16 18:28:12 -0400
Processing by SchoolsController#show as HTML
  Parameters: {"id"=>"1"}
Redirected to http://localhost:3000/schools/1
Completed 302 Found in 2ms (ActiveRecord: 0.0ms)


Started GET "/schools/1" for ::1 at 2019-03-16 18:28:12 -0400
Processing by SchoolsController#show as HTML
  Parameters: {"id"=>"1"}
Redirected to http://localhost:3000/schools/1
Completed 302 Found in 1ms (ActiveRecord: 0.0ms)


Started GET "/schools/1" for ::1 at 2019-03-16 18:28:12 -0400
Processing by SchoolsController#show as HTML
  Parameters: {"id"=>"1"}
Redirected to http://localhost:3000/schools/1
Completed 302 Found in 1ms (ActiveRecord: 0.0ms)


Started GET "/schools/1" for ::1 at 2019-03-16 18:28:12 -0400
Processing by SchoolsController#show as HTML
  Parameters: {"id"=>"1"}
Redirected to http://localhost:3000/schools/1
Completed 302 Found in 5ms (ActiveRecord: 0.0ms)


Started GET "/schools/1" for ::1 at 2019-03-16 18:28:12 -0400
Processing by SchoolsController#show as HTML
  Parameters: {"id"=>"1"}
Redirected to http://localhost:3000/schools/1
Completed 302 Found in 3ms (ActiveRecord: 0.0ms)


Started GET "/schools/1" for ::1 at 2019-03-16 18:28:12 -0400
Processing by SchoolsController#show as HTML
  Parameters: {"id"=>"1"}
Redirected to http://localhost:3000/schools/1
Completed 302 Found in 3ms (ActiveRecord: 0.0ms)


Started GET "/schools/1" for ::1 at 2019-03-16 18:28:12 -0400
Processing by SchoolsController#show as HTML
  Parameters: {"id"=>"1"}
Redirected to http://localhost:3000/schools/1
Completed 302 Found in 1ms (ActiveRecord: 0.0ms)


Started GET "/schools/1" for ::1 at 2019-03-16 18:28:12 -0400
Processing by SchoolsController#show as HTML
  Parameters: {"id"=>"1"}
Redirected to http://localhost:3000/schools/1
Completed 302 Found in 1ms (ActiveRecord: 0.0ms)


Started GET "/schools/1" for ::1 at 2019-03-16 18:28:25 -0400
Processing by SchoolsController#show as HTML
  Parameters: {"id"=>"1"}
  Rendering schools/show.erb within layouts/application
  Rendered schools/show.erb within layouts/application (0.6ms)
Completed 200 OK in 48ms (Views: 47.2ms | ActiveRecord: 0.0ms)


Started GET "/schools/1" for ::1 at 2019-03-16 18:29:07 -0400
Processing by SchoolsController#show as HTML
  Parameters: {"id"=>"1"}
  Rendering schools/show.erb within layouts/application
  Rendered schools/show.erb within layouts/application (0.5ms)
Completed 200 OK in 22ms (Views: 21.2ms | ActiveRecord: 0.0ms)


Started GET "/schools/1" for ::1 at 2019-03-16 18:33:21 -0400
  
SyntaxError (/Users/akramhelil/Development/code/rails-form_for-lab-nyc-web-career-021819/app/controllers/schools_controller.rb:31: syntax error, unexpected ')', expecting keyword_end):
  
app/controllers/schools_controller.rb:31: syntax error, unexpected ')', expecting keyword_end
  Rendering /Users/akramhelil/.rvm/gems/ruby-2.3.3/gems/actionpack-5.0.7.1/lib/action_dispatch/middleware/templates/rescues/diagnostics.html.erb within rescues/layout
  Rendering /Users/akramhelil/.rvm/gems/ruby-2.3.3/gems/actionpack-5.0.7.1/lib/action_dispatch/middleware/templates/rescues/_source.html.erb
  Rendered /Users/akramhelil/.rvm/gems/ruby-2.3.3/gems/actionpack-5.0.7.1/lib/action_dispatch/middleware/templates/rescues/_source.html.erb (3.9ms)
  Rendering /Users/akramhelil/.rvm/gems/ruby-2.3.3/gems/actionpack-5.0.7.1/lib/action_dispatch/middleware/templates/rescues/_trace.html.erb
  Rendered /Users/akramhelil/.rvm/gems/ruby-2.3.3/gems/actionpack-5.0.7.1/lib/action_dispatch/middleware/templates/rescues/_trace.html.erb (1.8ms)
  Rendering /Users/akramhelil/.rvm/gems/ruby-2.3.3/gems/actionpack-5.0.7.1/lib/action_dispatch/middleware/templates/rescues/_request_and_response.html.erb
  Rendered /Users/akramhelil/.rvm/gems/ruby-2.3.3/gems/actionpack-5.0.7.1/lib/action_dispatch/middleware/templates/rescues/_request_and_response.html.erb (1.8ms)
  Rendered /Users/akramhelil/.rvm/gems/ruby-2.3.3/gems/actionpack-5.0.7.1/lib/action_dispatch/middleware/templates/rescues/diagnostics.html.erb within rescues/layout (104.7ms)
Started GET "/schools/1" for ::1 at 2019-03-16 18:34:13 -0400
  
SyntaxError (/Users/akramhelil/Development/code/rails-form_for-lab-nyc-web-career-021819/app/controllers/schools_controller.rb:31: syntax error, unexpected ')', expecting keyword_end):
  
app/controllers/schools_controller.rb:31: syntax error, unexpected ')', expecting keyword_end
  Rendering /Users/akramhelil/.rvm/gems/ruby-2.3.3/gems/actionpack-5.0.7.1/lib/action_dispatch/middleware/templates/rescues/diagnostics.html.erb within rescues/layout
  Rendering /Users/akramhelil/.rvm/gems/ruby-2.3.3/gems/actionpack-5.0.7.1/lib/action_dispatch/middleware/templates/rescues/_source.html.erb
  Rendered /Users/akramhelil/.rvm/gems/ruby-2.3.3/gems/actionpack-5.0.7.1/lib/action_dispatch/middleware/templates/rescues/_source.html.erb (2.7ms)
  Rendering /Users/akramhelil/.rvm/gems/ruby-2.3.3/gems/actionpack-5.0.7.1/lib/action_dispatch/middleware/templates/rescues/_trace.html.erb
  Rendered /Users/akramhelil/.rvm/gems/ruby-2.3.3/gems/actionpack-5.0.7.1/lib/action_dispatch/middleware/templates/rescues/_trace.html.erb (3.0ms)
  Rendering /Users/akramhelil/.rvm/gems/ruby-2.3.3/gems/actionpack-5.0.7.1/lib/action_dispatch/middleware/templates/rescues/_request_and_response.html.erb
  Rendered /Users/akramhelil/.rvm/gems/ruby-2.3.3/gems/actionpack-5.0.7.1/lib/action_dispatch/middleware/templates/rescues/_request_and_response.html.erb (1.7ms)
  Rendered /Users/akramhelil/.rvm/gems/ruby-2.3.3/gems/actionpack-5.0.7.1/lib/action_dispatch/middleware/templates/rescues/diagnostics.html.erb within rescues/layout (101.9ms)
Started GET "/schools/" for ::1 at 2019-03-16 18:34:27 -0400
  
SyntaxError (/Users/akramhelil/Development/code/rails-form_for-lab-nyc-web-career-021819/app/controllers/schools_controller.rb:31: syntax error, unexpected ')', expecting keyword_end):
  
app/controllers/schools_controller.rb:31: syntax error, unexpected ')', expecting keyword_end
  Rendering /Users/akramhelil/.rvm/gems/ruby-2.3.3/gems/actionpack-5.0.7.1/lib/action_dispatch/middleware/templates/rescues/diagnostics.html.erb within rescues/layout
  Rendering /Users/akramhelil/.rvm/gems/ruby-2.3.3/gems/actionpack-5.0.7.1/lib/action_dispatch/middleware/templates/rescues/_source.html.erb
  Rendered /Users/akramhelil/.rvm/gems/ruby-2.3.3/gems/actionpack-5.0.7.1/lib/action_dispatch/middleware/templates/rescues/_source.html.erb (3.8ms)
  Rendering /Users/akramhelil/.rvm/gems/ruby-2.3.3/gems/actionpack-5.0.7.1/lib/action_dispatch/middleware/templates/rescues/_trace.html.erb
  Rendered /Users/akramhelil/.rvm/gems/ruby-2.3.3/gems/actionpack-5.0.7.1/lib/action_dispatch/middleware/templates/rescues/_trace.html.erb (1.4ms)
  Rendering /Users/akramhelil/.rvm/gems/ruby-2.3.3/gems/actionpack-5.0.7.1/lib/action_dispatch/middleware/templates/rescues/_request_and_response.html.erb
  Rendered /Users/akramhelil/.rvm/gems/ruby-2.3.3/gems/actionpack-5.0.7.1/lib/action_dispatch/middleware/templates/rescues/_request_and_response.html.erb (1.2ms)
  Rendered /Users/akramhelil/.rvm/gems/ruby-2.3.3/gems/actionpack-5.0.7.1/lib/action_dispatch/middleware/templates/rescues/diagnostics.html.erb within rescues/layout (95.3ms)
Started GET "/schools" for ::1 at 2019-03-16 18:34:31 -0400
  
SyntaxError (/Users/akramhelil/Development/code/rails-form_for-lab-nyc-web-career-021819/app/controllers/schools_controller.rb:31: syntax error, unexpected ')', expecting keyword_end):
  
app/controllers/schools_controller.rb:31: syntax error, unexpected ')', expecting keyword_end
  Rendering /Users/akramhelil/.rvm/gems/ruby-2.3.3/gems/actionpack-5.0.7.1/lib/action_dispatch/middleware/templates/rescues/diagnostics.html.erb within rescues/layout
  Rendering /Users/akramhelil/.rvm/gems/ruby-2.3.3/gems/actionpack-5.0.7.1/lib/action_dispatch/middleware/templates/rescues/_source.html.erb
  Rendered /Users/akramhelil/.rvm/gems/ruby-2.3.3/gems/actionpack-5.0.7.1/lib/action_dispatch/middleware/templates/rescues/_source.html.erb (3.4ms)
  Rendering /Users/akramhelil/.rvm/gems/ruby-2.3.3/gems/actionpack-5.0.7.1/lib/action_dispatch/middleware/templates/rescues/_trace.html.erb
  Rendered /Users/akramhelil/.rvm/gems/ruby-2.3.3/gems/actionpack-5.0.7.1/lib/action_dispatch/middleware/templates/rescues/_trace.html.erb (2.4ms)
  Rendering /Users/akramhelil/.rvm/gems/ruby-2.3.3/gems/actionpack-5.0.7.1/lib/action_dispatch/middleware/templates/rescues/_request_and_response.html.erb
  Rendered /Users/akramhelil/.rvm/gems/ruby-2.3.3/gems/actionpack-5.0.7.1/lib/action_dispatch/middleware/templates/rescues/_request_and_response.html.erb (1.0ms)
  Rendered /Users/akramhelil/.rvm/gems/ruby-2.3.3/gems/actionpack-5.0.7.1/lib/action_dispatch/middleware/templates/rescues/diagnostics.html.erb within rescues/layout (155.5ms)
Started GET "/schools" for ::1 at 2019-03-16 18:35:44 -0400
Processing by SchoolsController#index as HTML
  Rendering schools/index.erb within layouts/application
  Rendered schools/index.erb within layouts/application (0.4ms)
Completed 200 OK in 26ms (Views: 25.4ms | ActiveRecord: 0.0ms)


  [1m[36mActiveRecord::SchemaMigration Load (0.2ms)[0m  [1m[34mSELECT "schema_migrations".* FROM "schema_migrations"[0m
  [1m[36mActiveRecord::InternalMetadata Load (0.3ms)[0m  [1m[34mSELECT  "ar_internal_metadata".* FROM "ar_internal_metadata" WHERE "ar_internal_metadata"."key" = ? LIMIT ?[0m  [["key", "environment"], ["LIMIT", 1]]
  [1m[35m (0.1ms)[0m  [1m[36mbegin transaction[0m
  [1m[35m (0.0ms)[0m  [1m[36mcommit transaction[0m
  [1m[36mActiveRecord::SchemaMigration Load (0.1ms)[0m  [1m[34mSELECT "schema_migrations".* FROM "schema_migrations"[0m
Started GET "/schools" for ::1 at 2019-03-16 18:43:37 -0400
  [1m[36mActiveRecord::SchemaMigration Load (0.5ms)[0m  [1m[34mSELECT "schema_migrations".* FROM "schema_migrations"[0m
Processing by SchoolsController#index as HTML
  Rendering schools/index.erb within layouts/application
  Rendered schools/index.erb within layouts/application (1.7ms)
Completed 200 OK in 457ms (Views: 447.2ms | ActiveRecord: 0.0ms)


Started GET "/schools" for ::1 at 2019-03-16 18:44:15 -0400
Processing by SchoolsController#index as HTML
  Rendering schools/index.erb within layouts/application
  Rendered schools/index.erb within layouts/application (0.4ms)
Completed 200 OK in 19ms (Views: 18.2ms | ActiveRecord: 0.0ms)


Started GET "/schools" for ::1 at 2019-03-16 18:44:17 -0400
Processing by SchoolsController#index as HTML
  Rendering schools/index.erb within layouts/application
  Rendered schools/index.erb within layouts/application (4.2ms)
Completed 200 OK in 81ms (Views: 79.5ms | ActiveRecord: 0.0ms)


Started GET "/schools" for ::1 at 2019-03-16 18:44:36 -0400
Processing by SchoolsController#index as HTML
  Rendering schools/index.erb within layouts/application
  Rendered schools/index.erb within layouts/application (0.4ms)
Completed 200 OK in 38ms (Views: 37.4ms | ActiveRecord: 0.0ms)


Started GET "/schools/new" for ::1 at 2019-03-16 18:44:44 -0400
Processing by SchoolsController#new as HTML
Completed 400 Bad Request in 13ms (ActiveRecord: 0.0ms)


  
ActionController::ParameterMissing (param is missing or the value is empty: school):
  
app/controllers/schools_controller.rb:31:in `school_params'
app/controllers/schools_controller.rb:8:in `new'
  Rendering /Users/akramhelil/.rvm/gems/ruby-2.3.3/gems/actionpack-5.0.7.1/lib/action_dispatch/middleware/templates/rescues/diagnostics.html.erb within rescues/layout
  Rendering /Users/akramhelil/.rvm/gems/ruby-2.3.3/gems/actionpack-5.0.7.1/lib/action_dispatch/middleware/templates/rescues/_source.html.erb
  Rendered /Users/akramhelil/.rvm/gems/ruby-2.3.3/gems/actionpack-5.0.7.1/lib/action_dispatch/middleware/templates/rescues/_source.html.erb (3.6ms)
  Rendering /Users/akramhelil/.rvm/gems/ruby-2.3.3/gems/actionpack-5.0.7.1/lib/action_dispatch/middleware/templates/rescues/_trace.html.erb
  Rendered /Users/akramhelil/.rvm/gems/ruby-2.3.3/gems/actionpack-5.0.7.1/lib/action_dispatch/middleware/templates/rescues/_trace.html.erb (2.0ms)
  Rendering /Users/akramhelil/.rvm/gems/ruby-2.3.3/gems/actionpack-5.0.7.1/lib/action_dispatch/middleware/templates/rescues/_request_and_response.html.erb
  Rendered /Users/akramhelil/.rvm/gems/ruby-2.3.3/gems/actionpack-5.0.7.1/lib/action_dispatch/middleware/templates/rescues/_request_and_response.html.erb (0.9ms)
  Rendered /Users/akramhelil/.rvm/gems/ruby-2.3.3/gems/actionpack-5.0.7.1/lib/action_dispatch/middleware/templates/rescues/diagnostics.html.erb within rescues/layout (202.4ms)
Started GET "/schools/new" for ::1 at 2019-03-16 18:49:32 -0400
Processing by SchoolsController#new as HTML
Completed 400 Bad Request in 7ms (ActiveRecord: 0.0ms)


  
ActionController::ParameterMissing (param is missing or the value is empty: school):
  
app/controllers/schools_controller.rb:32:in `school_params'
app/controllers/schools_controller.rb:9:in `new'
  Rendering /Users/akramhelil/.rvm/gems/ruby-2.3.3/gems/actionpack-5.0.7.1/lib/action_dispatch/middleware/templates/rescues/diagnostics.html.erb within rescues/layout
  Rendering /Users/akramhelil/.rvm/gems/ruby-2.3.3/gems/actionpack-5.0.7.1/lib/action_dispatch/middleware/templates/rescues/_source.html.erb
  Rendered /Users/akramhelil/.rvm/gems/ruby-2.3.3/gems/actionpack-5.0.7.1/lib/action_dispatch/middleware/templates/rescues/_source.html.erb (4.0ms)
  Rendering /Users/akramhelil/.rvm/gems/ruby-2.3.3/gems/actionpack-5.0.7.1/lib/action_dispatch/middleware/templates/rescues/_trace.html.erb
  Rendered /Users/akramhelil/.rvm/gems/ruby-2.3.3/gems/actionpack-5.0.7.1/lib/action_dispatch/middleware/templates/rescues/_trace.html.erb (3.0ms)
  Rendering /Users/akramhelil/.rvm/gems/ruby-2.3.3/gems/actionpack-5.0.7.1/lib/action_dispatch/middleware/templates/rescues/_request_and_response.html.erb
  Rendered /Users/akramhelil/.rvm/gems/ruby-2.3.3/gems/actionpack-5.0.7.1/lib/action_dispatch/middleware/templates/rescues/_request_and_response.html.erb (8.4ms)
  Rendered /Users/akramhelil/.rvm/gems/ruby-2.3.3/gems/actionpack-5.0.7.1/lib/action_dispatch/middleware/templates/rescues/diagnostics.html.erb within rescues/layout (154.7ms)
Started GET "/schools/new" for ::1 at 2019-03-16 18:50:28 -0400
Processing by SchoolsController#new as HTML
Completed 400 Bad Request in 4ms (ActiveRecord: 0.0ms)


  
ActionController::ParameterMissing (param is missing or the value is empty: school):
  
app/controllers/schools_controller.rb:32:in `school_params'
app/controllers/schools_controller.rb:9:in `new'
  Rendering /Users/akramhelil/.rvm/gems/ruby-2.3.3/gems/actionpack-5.0.7.1/lib/action_dispatch/middleware/templates/rescues/diagnostics.html.erb within rescues/layout
  Rendering /Users/akramhelil/.rvm/gems/ruby-2.3.3/gems/actionpack-5.0.7.1/lib/action_dispatch/middleware/templates/rescues/_source.html.erb
  Rendered /Users/akramhelil/.rvm/gems/ruby-2.3.3/gems/actionpack-5.0.7.1/lib/action_dispatch/middleware/templates/rescues/_source.html.erb (2.9ms)
  Rendering /Users/akramhelil/.rvm/gems/ruby-2.3.3/gems/actionpack-5.0.7.1/lib/action_dispatch/middleware/templates/rescues/_trace.html.erb
  Rendered /Users/akramhelil/.rvm/gems/ruby-2.3.3/gems/actionpack-5.0.7.1/lib/action_dispatch/middleware/templates/rescues/_trace.html.erb (4.8ms)
  Rendering /Users/akramhelil/.rvm/gems/ruby-2.3.3/gems/actionpack-5.0.7.1/lib/action_dispatch/middleware/templates/rescues/_request_and_response.html.erb
  Rendered /Users/akramhelil/.rvm/gems/ruby-2.3.3/gems/actionpack-5.0.7.1/lib/action_dispatch/middleware/templates/rescues/_request_and_response.html.erb (2.6ms)
  Rendered /Users/akramhelil/.rvm/gems/ruby-2.3.3/gems/actionpack-5.0.7.1/lib/action_dispatch/middleware/templates/rescues/diagnostics.html.erb within rescues/layout (118.1ms)
Started GET "/schools/new" for ::1 at 2019-03-16 18:50:30 -0400
Processing by SchoolsController#new as HTML
Completed 400 Bad Request in 1ms (ActiveRecord: 0.0ms)


  
ActionController::ParameterMissing (param is missing or the value is empty: school):
  
app/controllers/schools_controller.rb:32:in `school_params'
app/controllers/schools_controller.rb:9:in `new'
  Rendering /Users/akramhelil/.rvm/gems/ruby-2.3.3/gems/actionpack-5.0.7.1/lib/action_dispatch/middleware/templates/rescues/diagnostics.html.erb within rescues/layout
  Rendering /Users/akramhelil/.rvm/gems/ruby-2.3.3/gems/actionpack-5.0.7.1/lib/action_dispatch/middleware/templates/rescues/_source.html.erb
  Rendered /Users/akramhelil/.rvm/gems/ruby-2.3.3/gems/actionpack-5.0.7.1/lib/action_dispatch/middleware/templates/rescues/_source.html.erb (12.8ms)
  Rendering /Users/akramhelil/.rvm/gems/ruby-2.3.3/gems/actionpack-5.0.7.1/lib/action_dispatch/middleware/templates/rescues/_trace.html.erb
  Rendered /Users/akramhelil/.rvm/gems/ruby-2.3.3/gems/actionpack-5.0.7.1/lib/action_dispatch/middleware/templates/rescues/_trace.html.erb (6.1ms)
  Rendering /Users/akramhelil/.rvm/gems/ruby-2.3.3/gems/actionpack-5.0.7.1/lib/action_dispatch/middleware/templates/rescues/_request_and_response.html.erb
  Rendered /Users/akramhelil/.rvm/gems/ruby-2.3.3/gems/actionpack-5.0.7.1/lib/action_dispatch/middleware/templates/rescues/_request_and_response.html.erb (2.1ms)
  Rendered /Users/akramhelil/.rvm/gems/ruby-2.3.3/gems/actionpack-5.0.7.1/lib/action_dispatch/middleware/templates/rescues/diagnostics.html.erb within rescues/layout (209.9ms)
Started GET "/schools/1" for ::1 at 2019-03-16 18:50:39 -0400
Processing by SchoolsController#show as HTML
  Parameters: {"id"=>"1"}
Completed 400 Bad Request in 2ms (ActiveRecord: 0.0ms)


  
ActionController::ParameterMissing (param is missing or the value is empty: school):
  
app/controllers/schools_controller.rb:32:in `school_params'
app/controllers/schools_controller.rb:19:in `show'
  Rendering /Users/akramhelil/.rvm/gems/ruby-2.3.3/gems/actionpack-5.0.7.1/lib/action_dispatch/middleware/templates/rescues/diagnostics.html.erb within rescues/layout
  Rendering /Users/akramhelil/.rvm/gems/ruby-2.3.3/gems/actionpack-5.0.7.1/lib/action_dispatch/middleware/templates/rescues/_source.html.erb
  Rendered /Users/akramhelil/.rvm/gems/ruby-2.3.3/gems/actionpack-5.0.7.1/lib/action_dispatch/middleware/templates/rescues/_source.html.erb (8.6ms)
  Rendering /Users/akramhelil/.rvm/gems/ruby-2.3.3/gems/actionpack-5.0.7.1/lib/action_dispatch/middleware/templates/rescues/_trace.html.erb
  Rendered /Users/akramhelil/.rvm/gems/ruby-2.3.3/gems/actionpack-5.0.7.1/lib/action_dispatch/middleware/templates/rescues/_trace.html.erb (3.4ms)
  Rendering /Users/akramhelil/.rvm/gems/ruby-2.3.3/gems/actionpack-5.0.7.1/lib/action_dispatch/middleware/templates/rescues/_request_and_response.html.erb
  Rendered /Users/akramhelil/.rvm/gems/ruby-2.3.3/gems/actionpack-5.0.7.1/lib/action_dispatch/middleware/templates/rescues/_request_and_response.html.erb (1.9ms)
  Rendered /Users/akramhelil/.rvm/gems/ruby-2.3.3/gems/actionpack-5.0.7.1/lib/action_dispatch/middleware/templates/rescues/diagnostics.html.erb within rescues/layout (261.8ms)
Started GET "/schools" for ::1 at 2019-03-16 18:50:43 -0400
Processing by SchoolsController#index as HTML
  Rendering schools/index.erb within layouts/application
  [1m[36mSchool Load (1.4ms)[0m  [1m[34mSELECT "schools".* FROM "schools"[0m
  Rendered schools/index.erb within layouts/application (61.8ms)
Completed 500 Internal Server Error in 80ms (ActiveRecord: 4.8ms)


  
ActionView::Template::Error (undefined method `room_number' for #<School:0x007fb85700b1f0>
Did you mean?  roon_number
               roon_number?
               roon_number=):
     5:   <label f>Title:</label>
     6:   <%=s.title  %><br>
     7:   <label f>Room Number:</label>
     8:   <%=s.room_number  %><br>
     9:   <% end %>
    10: </ul>
  
app/views/schools/index.erb:8:in `block in _app_views_schools_index_erb__4171949740256038172_70214855876360'
app/views/schools/index.erb:4:in `_app_views_schools_index_erb__4171949740256038172_70214855876360'
app/controllers/schools_controller.rb:5:in `index'
  Rendering /Users/akramhelil/.rvm/gems/ruby-2.3.3/gems/actionpack-5.0.7.1/lib/action_dispatch/middleware/templates/rescues/template_error.html.erb within rescues/layout
  Rendering /Users/akramhelil/.rvm/gems/ruby-2.3.3/gems/actionpack-5.0.7.1/lib/action_dispatch/middleware/templates/rescues/_source.html.erb
  Rendered /Users/akramhelil/.rvm/gems/ruby-2.3.3/gems/actionpack-5.0.7.1/lib/action_dispatch/middleware/templates/rescues/_source.html.erb (6.8ms)
  Rendering /Users/akramhelil/.rvm/gems/ruby-2.3.3/gems/actionpack-5.0.7.1/lib/action_dispatch/middleware/templates/rescues/_trace.html.erb
  Rendered /Users/akramhelil/.rvm/gems/ruby-2.3.3/gems/actionpack-5.0.7.1/lib/action_dispatch/middleware/templates/rescues/_trace.html.erb (5.6ms)
  Rendering /Users/akramhelil/.rvm/gems/ruby-2.3.3/gems/actionpack-5.0.7.1/lib/action_dispatch/middleware/templates/rescues/_request_and_response.html.erb
  Rendered /Users/akramhelil/.rvm/gems/ruby-2.3.3/gems/actionpack-5.0.7.1/lib/action_dispatch/middleware/templates/rescues/_request_and_response.html.erb (1.8ms)
  Rendered /Users/akramhelil/.rvm/gems/ruby-2.3.3/gems/actionpack-5.0.7.1/lib/action_dispatch/middleware/templates/rescues/template_error.html.erb within rescues/layout (237.2ms)
Started GET "/schools" for ::1 at 2019-03-16 18:51:16 -0400
Processing by SchoolsController#index as HTML
  Rendering schools/index.erb within layouts/application
  [1m[36mSchool Load (0.2ms)[0m  [1m[34mSELECT "schools".* FROM "schools"[0m
  Rendered schools/index.erb within layouts/application (9.1ms)
Completed 500 Internal Server Error in 16ms (ActiveRecord: 0.2ms)


  
ActionView::Template::Error (undefined method `room_number' for #<School:0x007fb854df2a50>
Did you mean?  roon_number
               roon_number?
               roon_number=):
     5:   <label f>Title:</label>
     6:   <%= s.title  %><br>
     7:   <label f>Room Number:</label>
     8:   <%= s.room_number %><br>
     9:   <% end %>
    10:   
    11: </ul>
  
app/views/schools/index.erb:8:in `block in _app_views_schools_index_erb__4171949740256038172_70214837344340'
app/views/schools/index.erb:4:in `_app_views_schools_index_erb__4171949740256038172_70214837344340'
app/controllers/schools_controller.rb:5:in `index'
  Rendering /Users/akramhelil/.rvm/gems/ruby-2.3.3/gems/actionpack-5.0.7.1/lib/action_dispatch/middleware/templates/rescues/template_error.html.erb within rescues/layout
  Rendering /Users/akramhelil/.rvm/gems/ruby-2.3.3/gems/actionpack-5.0.7.1/lib/action_dispatch/middleware/templates/rescues/_source.html.erb
  Rendered /Users/akramhelil/.rvm/gems/ruby-2.3.3/gems/actionpack-5.0.7.1/lib/action_dispatch/middleware/templates/rescues/_source.html.erb (4.2ms)
  Rendering /Users/akramhelil/.rvm/gems/ruby-2.3.3/gems/actionpack-5.0.7.1/lib/action_dispatch/middleware/templates/rescues/_trace.html.erb
  Rendered /Users/akramhelil/.rvm/gems/ruby-2.3.3/gems/actionpack-5.0.7.1/lib/action_dispatch/middleware/templates/rescues/_trace.html.erb (4.4ms)
  Rendering /Users/akramhelil/.rvm/gems/ruby-2.3.3/gems/actionpack-5.0.7.1/lib/action_dispatch/middleware/templates/rescues/_request_and_response.html.erb
  Rendered /Users/akramhelil/.rvm/gems/ruby-2.3.3/gems/actionpack-5.0.7.1/lib/action_dispatch/middleware/templates/rescues/_request_and_response.html.erb (1.1ms)
  Rendered /Users/akramhelil/.rvm/gems/ruby-2.3.3/gems/actionpack-5.0.7.1/lib/action_dispatch/middleware/templates/rescues/template_error.html.erb within rescues/layout (105.7ms)
Started GET "/schools" for ::1 at 2019-03-16 18:52:36 -0400
Processing by SchoolsController#index as HTML
  Rendering schools/index.erb within layouts/application
  [1m[36mSchool Load (0.7ms)[0m  [1m[34mSELECT "schools".* FROM "schools"[0m
  Rendered schools/index.erb within layouts/application (6.9ms)
Completed 200 OK in 40ms (Views: 35.2ms | ActiveRecord: 1.2ms)


Started GET "/schools" for ::1 at 2019-03-16 18:52:40 -0400
Processing by SchoolsController#index as HTML
  Rendering schools/index.erb within layouts/application
  [1m[36mSchool Load (0.2ms)[0m  [1m[34mSELECT "schools".* FROM "schools"[0m
  Rendered schools/index.erb within layouts/application (2.0ms)
Completed 200 OK in 58ms (Views: 56.3ms | ActiveRecord: 0.2ms)


Started GET "/schools/1" for ::1 at 2019-03-16 18:52:44 -0400
Processing by SchoolsController#show as HTML
  Parameters: {"id"=>"1"}
Completed 400 Bad Request in 1ms (ActiveRecord: 0.0ms)


  
ActionController::ParameterMissing (param is missing or the value is empty: school):
  
app/controllers/schools_controller.rb:32:in `school_params'
app/controllers/schools_controller.rb:19:in `show'
  Rendering /Users/akramhelil/.rvm/gems/ruby-2.3.3/gems/actionpack-5.0.7.1/lib/action_dispatch/middleware/templates/rescues/diagnostics.html.erb within rescues/layout
  Rendering /Users/akramhelil/.rvm/gems/ruby-2.3.3/gems/actionpack-5.0.7.1/lib/action_dispatch/middleware/templates/rescues/_source.html.erb
  Rendered /Users/akramhelil/.rvm/gems/ruby-2.3.3/gems/actionpack-5.0.7.1/lib/action_dispatch/middleware/templates/rescues/_source.html.erb (5.4ms)
  Rendering /Users/akramhelil/.rvm/gems/ruby-2.3.3/gems/actionpack-5.0.7.1/lib/action_dispatch/middleware/templates/rescues/_trace.html.erb
  Rendered /Users/akramhelil/.rvm/gems/ruby-2.3.3/gems/actionpack-5.0.7.1/lib/action_dispatch/middleware/templates/rescues/_trace.html.erb (3.6ms)
  Rendering /Users/akramhelil/.rvm/gems/ruby-2.3.3/gems/actionpack-5.0.7.1/lib/action_dispatch/middleware/templates/rescues/_request_and_response.html.erb
  Rendered /Users/akramhelil/.rvm/gems/ruby-2.3.3/gems/actionpack-5.0.7.1/lib/action_dispatch/middleware/templates/rescues/_request_and_response.html.erb (1.6ms)
  Rendered /Users/akramhelil/.rvm/gems/ruby-2.3.3/gems/actionpack-5.0.7.1/lib/action_dispatch/middleware/templates/rescues/diagnostics.html.erb within rescues/layout (230.9ms)
Started GET "/schools/1" for ::1 at 2019-03-16 18:53:24 -0400
Processing by SchoolsController#show as HTML
  Parameters: {"id"=>"1"}
  [1m[36mSchool Load (0.5ms)[0m  [1m[34mSELECT  "schools".* FROM "schools" WHERE "schools"."id" = ? LIMIT ?[0m  [["id", 1], ["LIMIT", 1]]
  Rendering schools/show.erb within layouts/application
  Rendered schools/show.erb within layouts/application (0.5ms)
Completed 200 OK in 52ms (Views: 36.4ms | ActiveRecord: 1.3ms)


Started GET "/schools" for ::1 at 2019-03-16 18:53:26 -0400
Processing by SchoolsController#index as HTML
  Rendering schools/index.erb within layouts/application
  [1m[36mSchool Load (0.4ms)[0m  [1m[34mSELECT "schools".* FROM "schools"[0m
  Rendered schools/index.erb within layouts/application (2.2ms)
Completed 200 OK in 76ms (Views: 73.7ms | ActiveRecord: 0.4ms)


Started GET "/schools/1" for ::1 at 2019-03-16 18:53:31 -0400
Processing by SchoolsController#show as HTML
  Parameters: {"id"=>"1"}
  [1m[36mSchool Load (0.2ms)[0m  [1m[34mSELECT  "schools".* FROM "schools" WHERE "schools"."id" = ? LIMIT ?[0m  [["id", 1], ["LIMIT", 1]]
  Rendering schools/show.erb within layouts/application
  Rendered schools/show.erb within layouts/application (0.4ms)
Completed 200 OK in 42ms (Views: 39.7ms | ActiveRecord: 0.2ms)


Started GET "/schools/1" for ::1 at 2019-03-16 18:54:14 -0400
Processing by SchoolsController#show as HTML
  Parameters: {"id"=>"1"}
  [1m[36mSchool Load (0.3ms)[0m  [1m[34mSELECT  "schools".* FROM "schools" WHERE "schools"."id" = ? LIMIT ?[0m  [["id", 1], ["LIMIT", 1]]
  Rendering schools/show.erb within layouts/application
  Rendered schools/show.erb within layouts/application (0.7ms)
Completed 200 OK in 34ms (Views: 30.8ms | ActiveRecord: 0.3ms)


Started GET "/schools/1" for ::1 at 2019-03-16 18:55:06 -0400
Processing by SchoolsController#show as HTML
  Parameters: {"id"=>"1"}
  [1m[36mSchool Load (0.1ms)[0m  [1m[34mSELECT  "schools".* FROM "schools" WHERE "schools"."id" = ? LIMIT ?[0m  [["id", 1], ["LIMIT", 1]]
  Rendering schools/show.erb within layouts/application
  Rendered schools/show.erb within layouts/application (0.4ms)
Completed 200 OK in 18ms (Views: 16.9ms | ActiveRecord: 0.1ms)


Started GET "/schools" for ::1 at 2019-03-16 18:55:12 -0400
Processing by SchoolsController#index as HTML
  Rendering schools/index.erb within layouts/application
  [1m[36mSchool Load (0.2ms)[0m  [1m[34mSELECT "schools".* FROM "schools"[0m
  Rendered schools/index.erb within layouts/application (1.8ms)
Completed 200 OK in 61ms (Views: 59.9ms | ActiveRecord: 0.2ms)


Started GET "/schools/new" for ::1 at 2019-03-16 18:55:15 -0400
Processing by SchoolsController#new as HTML
Completed 400 Bad Request in 1ms (ActiveRecord: 0.0ms)


  
ActionController::ParameterMissing (param is missing or the value is empty: school):
  
app/controllers/schools_controller.rb:32:in `school_params'
app/controllers/schools_controller.rb:9:in `new'
  Rendering /Users/akramhelil/.rvm/gems/ruby-2.3.3/gems/actionpack-5.0.7.1/lib/action_dispatch/middleware/templates/rescues/diagnostics.html.erb within rescues/layout
  Rendering /Users/akramhelil/.rvm/gems/ruby-2.3.3/gems/actionpack-5.0.7.1/lib/action_dispatch/middleware/templates/rescues/_source.html.erb
  Rendered /Users/akramhelil/.rvm/gems/ruby-2.3.3/gems/actionpack-5.0.7.1/lib/action_dispatch/middleware/templates/rescues/_source.html.erb (2.8ms)
  Rendering /Users/akramhelil/.rvm/gems/ruby-2.3.3/gems/actionpack-5.0.7.1/lib/action_dispatch/middleware/templates/rescues/_trace.html.erb
  Rendered /Users/akramhelil/.rvm/gems/ruby-2.3.3/gems/actionpack-5.0.7.1/lib/action_dispatch/middleware/templates/rescues/_trace.html.erb (2.6ms)
  Rendering /Users/akramhelil/.rvm/gems/ruby-2.3.3/gems/actionpack-5.0.7.1/lib/action_dispatch/middleware/templates/rescues/_request_and_response.html.erb
  Rendered /Users/akramhelil/.rvm/gems/ruby-2.3.3/gems/actionpack-5.0.7.1/lib/action_dispatch/middleware/templates/rescues/_request_and_response.html.erb (1.8ms)
  Rendered /Users/akramhelil/.rvm/gems/ruby-2.3.3/gems/actionpack-5.0.7.1/lib/action_dispatch/middleware/templates/rescues/diagnostics.html.erb within rescues/layout (169.1ms)
Started GET "/schools/new" for ::1 at 2019-03-16 18:55:41 -0400
Processing by SchoolsController#new as HTML
  Rendering schools/new.erb within layouts/application
  Rendered schools/new.erb within layouts/application (0.5ms)
Completed 200 OK in 33ms (Views: 32.4ms | ActiveRecord: 0.0ms)


Started GET "/schools/new" for ::1 at 2019-03-16 18:57:59 -0400
Processing by SchoolsController#new as HTML
  Rendering schools/new.erb within layouts/application
  Rendered schools/new.erb within layouts/application (2.9ms)
Completed 500 Internal Server Error in 10ms (ActiveRecord: 0.0ms)


  
ActionView::Template::Error (wrong number of arguments (given 0, expected 1..2)):
    1: <h2>Create School</h2>
    2: <%= form_for  do |f| %>
    3:   <%= f.text_field :title %>
    4:   <%= f.number_field :roon_number %>
    5:   <%= f.submit %>
  
app/views/schools/new.erb:2:in `_app_views_schools_new_erb__1150879362388371318_70214863090120'
app/controllers/schools_controller.rb:9:in `new'
  Rendering /Users/akramhelil/.rvm/gems/ruby-2.3.3/gems/actionpack-5.0.7.1/lib/action_dispatch/middleware/templates/rescues/template_error.html.erb within rescues/layout
  Rendering /Users/akramhelil/.rvm/gems/ruby-2.3.3/gems/actionpack-5.0.7.1/lib/action_dispatch/middleware/templates/rescues/_source.html.erb
  Rendered /Users/akramhelil/.rvm/gems/ruby-2.3.3/gems/actionpack-5.0.7.1/lib/action_dispatch/middleware/templates/rescues/_source.html.erb (4.5ms)
  Rendering /Users/akramhelil/.rvm/gems/ruby-2.3.3/gems/actionpack-5.0.7.1/lib/action_dispatch/middleware/templates/rescues/_trace.html.erb
  Rendered /Users/akramhelil/.rvm/gems/ruby-2.3.3/gems/actionpack-5.0.7.1/lib/action_dispatch/middleware/templates/rescues/_trace.html.erb (2.6ms)
  Rendering /Users/akramhelil/.rvm/gems/ruby-2.3.3/gems/actionpack-5.0.7.1/lib/action_dispatch/middleware/templates/rescues/_request_and_response.html.erb
  Rendered /Users/akramhelil/.rvm/gems/ruby-2.3.3/gems/actionpack-5.0.7.1/lib/action_dispatch/middleware/templates/rescues/_request_and_response.html.erb (1.1ms)
  Rendered /Users/akramhelil/.rvm/gems/ruby-2.3.3/gems/actionpack-5.0.7.1/lib/action_dispatch/middleware/templates/rescues/template_error.html.erb within rescues/layout (115.3ms)
Started GET "/schools/new" for ::1 at 2019-03-16 18:58:12 -0400
Processing by SchoolsController#new as HTML
  Rendering schools/new.erb within layouts/application
  Rendered schools/new.erb within layouts/application (2.7ms)
Completed 500 Internal Server Error in 10ms (ActiveRecord: 0.0ms)


  
ActionView::Template::Error (First argument in form cannot contain nil or be empty):
    1: <h2>Create School</h2>
    2: <%= form_for @school do |f| %>
    3:   <%= f.text_field :title %>
    4:   <%= f.number_field :roon_number %>
    5:   <%= f.submit %>
  
app/views/schools/new.erb:2:in `_app_views_schools_new_erb__1150879362388371318_70214860844720'
app/controllers/schools_controller.rb:9:in `new'
  Rendering /Users/akramhelil/.rvm/gems/ruby-2.3.3/gems/actionpack-5.0.7.1/lib/action_dispatch/middleware/templates/rescues/template_error.html.erb within rescues/layout
  Rendering /Users/akramhelil/.rvm/gems/ruby-2.3.3/gems/actionpack-5.0.7.1/lib/action_dispatch/middleware/templates/rescues/_source.html.erb
  Rendered /Users/akramhelil/.rvm/gems/ruby-2.3.3/gems/actionpack-5.0.7.1/lib/action_dispatch/middleware/templates/rescues/_source.html.erb (3.6ms)
  Rendering /Users/akramhelil/.rvm/gems/ruby-2.3.3/gems/actionpack-5.0.7.1/lib/action_dispatch/middleware/templates/rescues/_trace.html.erb
  Rendered /Users/akramhelil/.rvm/gems/ruby-2.3.3/gems/actionpack-5.0.7.1/lib/action_dispatch/middleware/templates/rescues/_trace.html.erb (3.0ms)
  Rendering /Users/akramhelil/.rvm/gems/ruby-2.3.3/gems/actionpack-5.0.7.1/lib/action_dispatch/middleware/templates/rescues/_request_and_response.html.erb
  Rendered /Users/akramhelil/.rvm/gems/ruby-2.3.3/gems/actionpack-5.0.7.1/lib/action_dispatch/middleware/templates/rescues/_request_and_response.html.erb (1.0ms)
  Rendered /Users/akramhelil/.rvm/gems/ruby-2.3.3/gems/actionpack-5.0.7.1/lib/action_dispatch/middleware/templates/rescues/template_error.html.erb within rescues/layout (99.8ms)
Started GET "/schools/new" for ::1 at 2019-03-16 18:58:31 -0400
Processing by SchoolsController#new as HTML
  Rendering schools/new.erb within layouts/application
  Rendered schools/new.erb within layouts/application (2.5ms)
Completed 500 Internal Server Error in 10ms (ActiveRecord: 0.0ms)


  
ActionView::Template::Error (First argument in form cannot contain nil or be empty):
    1: <h2>Create School</h2>
    2: <%= form_for @schools do |f| %>
    3:   <%= f.text_field :title %>
    4:   <%= f.number_field :roon_number %>
    5:   <%= f.submit %>
  
app/views/schools/new.erb:2:in `_app_views_schools_new_erb__1150879362388371318_70214836458640'
app/controllers/schools_controller.rb:9:in `new'
  Rendering /Users/akramhelil/.rvm/gems/ruby-2.3.3/gems/actionpack-5.0.7.1/lib/action_dispatch/middleware/templates/rescues/template_error.html.erb within rescues/layout
  Rendering /Users/akramhelil/.rvm/gems/ruby-2.3.3/gems/actionpack-5.0.7.1/lib/action_dispatch/middleware/templates/rescues/_source.html.erb
  Rendered /Users/akramhelil/.rvm/gems/ruby-2.3.3/gems/actionpack-5.0.7.1/lib/action_dispatch/middleware/templates/rescues/_source.html.erb (5.2ms)
  Rendering /Users/akramhelil/.rvm/gems/ruby-2.3.3/gems/actionpack-5.0.7.1/lib/action_dispatch/middleware/templates/rescues/_trace.html.erb
  Rendered /Users/akramhelil/.rvm/gems/ruby-2.3.3/gems/actionpack-5.0.7.1/lib/action_dispatch/middleware/templates/rescues/_trace.html.erb (2.0ms)
  Rendering /Users/akramhelil/.rvm/gems/ruby-2.3.3/gems/actionpack-5.0.7.1/lib/action_dispatch/middleware/templates/rescues/_request_and_response.html.erb
  Rendered /Users/akramhelil/.rvm/gems/ruby-2.3.3/gems/actionpack-5.0.7.1/lib/action_dispatch/middleware/templates/rescues/_request_and_response.html.erb (1.1ms)
  Rendered /Users/akramhelil/.rvm/gems/ruby-2.3.3/gems/actionpack-5.0.7.1/lib/action_dispatch/middleware/templates/rescues/template_error.html.erb within rescues/layout (136.5ms)
Started GET "/schools/new" for ::1 at 2019-03-16 18:59:36 -0400
Processing by SchoolsController#new as HTML
  Rendering schools/new.erb within layouts/application
  Rendered schools/new.erb within layouts/application (2.4ms)
Completed 500 Internal Server Error in 10ms (ActiveRecord: 0.0ms)


  
ActionView::Template::Error (First argument in form cannot contain nil or be empty):
    1: <h2>Create School</h2>
    2: <%= form_for(@school) do |f| %>
    3:   <%= f.text_field :title %>
    4:   <%= f.number_field :roon_number %>
    5:   <%= f.submit %>
  
app/views/schools/new.erb:2:in `_app_views_schools_new_erb__1150879362388371318_70214857189080'
app/controllers/schools_controller.rb:9:in `new'
  Rendering /Users/akramhelil/.rvm/gems/ruby-2.3.3/gems/actionpack-5.0.7.1/lib/action_dispatch/middleware/templates/rescues/template_error.html.erb within rescues/layout
  Rendering /Users/akramhelil/.rvm/gems/ruby-2.3.3/gems/actionpack-5.0.7.1/lib/action_dispatch/middleware/templates/rescues/_source.html.erb
  Rendered /Users/akramhelil/.rvm/gems/ruby-2.3.3/gems/actionpack-5.0.7.1/lib/action_dispatch/middleware/templates/rescues/_source.html.erb (5.5ms)
  Rendering /Users/akramhelil/.rvm/gems/ruby-2.3.3/gems/actionpack-5.0.7.1/lib/action_dispatch/middleware/templates/rescues/_trace.html.erb
  Rendered /Users/akramhelil/.rvm/gems/ruby-2.3.3/gems/actionpack-5.0.7.1/lib/action_dispatch/middleware/templates/rescues/_trace.html.erb (2.2ms)
  Rendering /Users/akramhelil/.rvm/gems/ruby-2.3.3/gems/actionpack-5.0.7.1/lib/action_dispatch/middleware/templates/rescues/_request_and_response.html.erb
  Rendered /Users/akramhelil/.rvm/gems/ruby-2.3.3/gems/actionpack-5.0.7.1/lib/action_dispatch/middleware/templates/rescues/_request_and_response.html.erb (0.9ms)
  Rendered /Users/akramhelil/.rvm/gems/ruby-2.3.3/gems/actionpack-5.0.7.1/lib/action_dispatch/middleware/templates/rescues/template_error.html.erb within rescues/layout (108.1ms)
Started GET "/schools/new" for ::1 at 2019-03-16 19:00:51 -0400
Processing by SchoolsController#new as HTML
  Rendering schools/new.erb within layouts/application
  Rendered schools/new.erb within layouts/application (18.1ms)
Completed 200 OK in 56ms (Views: 46.1ms | ActiveRecord: 1.0ms)


Started GET "/schools/new" for ::1 at 2019-03-16 19:01:41 -0400
Processing by SchoolsController#new as HTML
  Rendering schools/new.erb within layouts/application
  Rendered schools/new.erb within layouts/application (3.9ms)
Completed 200 OK in 41ms (Views: 39.2ms | ActiveRecord: 0.0ms)


Started GET "/schools/new" for ::1 at 2019-03-16 19:01:51 -0400
Processing by SchoolsController#new as HTML
  Rendering schools/new.erb within layouts/application
  Rendered schools/new.erb within layouts/application (4.2ms)
Completed 200 OK in 48ms (Views: 47.1ms | ActiveRecord: 0.0ms)


Started POST "/schools" for ::1 at 2019-03-16 19:02:06 -0400
Processing by SchoolsController#create as HTML
  Parameters: {"utf8"=>"✓", "authenticity_token"=>"hnqztYcdY+5rWm2WnNLBRNtl+iAvKltK+i09zsPYsBDLldU3/ZdE2jCne/sOZohB00OIdbiiCPy/AJIL3AKr0A==", "school"=>{"title"=>"hello", "roon_number"=>"1212121"}, "commit"=>"Create School"}
  [1m[35m (0.1ms)[0m  [1m[36mbegin transaction[0m
  [1m[35mSQL (1.4ms)[0m  [1m[32mINSERT INTO "schools" ("title", "roon_number", "created_at", "updated_at") VALUES (?, ?, ?, ?)[0m  [["title", "hello"], ["roon_number", 1212121], ["created_at", "2019-03-16 23:02:06.893214"], ["updated_at", "2019-03-16 23:02:06.893214"]]
  [1m[35m (1.4ms)[0m  [1m[36mcommit transaction[0m
Redirected to http://localhost:3000/schools
Completed 302 Found in 8ms (ActiveRecord: 2.8ms)


Started GET "/schools" for ::1 at 2019-03-16 19:02:06 -0400
Processing by SchoolsController#index as HTML
  Rendering schools/index.erb within layouts/application
  [1m[36mSchool Load (0.3ms)[0m  [1m[34mSELECT "schools".* FROM "schools"[0m
  Rendered schools/index.erb within layouts/application (2.1ms)
Completed 200 OK in 34ms (Views: 31.8ms | ActiveRecord: 0.3ms)


Started GET "/" for ::1 at 2019-03-16 19:03:53 -0400
Processing by Rails::WelcomeController#index as HTML
  Parameters: {"internal"=>true}
  Rendering /Users/akramhelil/.rvm/gems/ruby-2.3.3/gems/railties-5.0.7.1/lib/rails/templates/rails/welcome/index.html.erb
  Rendered /Users/akramhelil/.rvm/gems/ruby-2.3.3/gems/railties-5.0.7.1/lib/rails/templates/rails/welcome/index.html.erb (4.8ms)
Completed 200 OK in 14ms (Views: 9.2ms | ActiveRecord: 0.0ms)


Started GET "/rails/info/routes" for ::1 at 2019-03-16 19:04:34 -0400
Processing by Rails::InfoController#routes as HTML
  Parameters: {"internal"=>true}
  Rendering /Users/akramhelil/.rvm/gems/ruby-2.3.3/gems/railties-5.0.7.1/lib/rails/templates/rails/info/routes.html.erb within layouts/application
  Rendered collection of /Users/akramhelil/.rvm/gems/ruby-2.3.3/gems/actionpack-5.0.7.1/lib/action_dispatch/middleware/templates/routes/_route.html.erb [8 times] (15.3ms)
  Rendered /Users/akramhelil/.rvm/gems/ruby-2.3.3/gems/actionpack-5.0.7.1/lib/action_dispatch/middleware/templates/routes/_table.html.erb (6.7ms)
  Rendered /Users/akramhelil/.rvm/gems/ruby-2.3.3/gems/railties-5.0.7.1/lib/rails/templates/rails/info/routes.html.erb within layouts/application (36.7ms)
Completed 200 OK in 62ms (Views: 51.0ms | ActiveRecord: 0.0ms)


Started GET "/schools/1" for ::1 at 2019-03-16 19:06:28 -0400
Processing by SchoolsController#show as HTML
  Parameters: {"id"=>"1"}
  [1m[36mSchool Load (0.1ms)[0m  [1m[34mSELECT  "schools".* FROM "schools" WHERE "schools"."id" = ? LIMIT ?[0m  [["id", 1], ["LIMIT", 1]]
  Rendering schools/show.erb within layouts/application
  Rendered schools/show.erb within layouts/application (0.7ms)
Completed 200 OK in 35ms (Views: 25.5ms | ActiveRecord: 0.9ms)


Started GET "/schools/1/edit" for ::1 at 2019-03-16 19:06:33 -0400
Processing by SchoolsController#edit as HTML
  Parameters: {"id"=>"1"}
  [1m[36mSchool Load (0.4ms)[0m  [1m[34mSELECT  "schools".* FROM "schools" WHERE "schools"."id" = ? LIMIT ?[0m  [["id", 1], ["LIMIT", 1]]
  Rendering schools/edit.erb within layouts/application
  Rendered schools/edit.erb within layouts/application (12.0ms)
Completed 500 Internal Server Error in 27ms (ActiveRecord: 0.4ms)


  
ActionView::Template::Error (undefined method `field' for #<School:0x007fb85439e810>):
    1: <h2>School Edit</h2>
    2: <%= form_for @school do |f| %>
    3:   <%= f.text_field :field %>
    4: 
    5: <% end %>
  
app/views/schools/edit.erb:3:in `block in _app_views_schools_edit_erb__1676737982305433954_70214831828560'
app/views/schools/edit.erb:2:in `_app_views_schools_edit_erb__1676737982305433954_70214831828560'
app/controllers/schools_controller.rb:25:in `edit'
  Rendering /Users/akramhelil/.rvm/gems/ruby-2.3.3/gems/actionpack-5.0.7.1/lib/action_dispatch/middleware/templates/rescues/template_error.html.erb within rescues/layout
  Rendering /Users/akramhelil/.rvm/gems/ruby-2.3.3/gems/actionpack-5.0.7.1/lib/action_dispatch/middleware/templates/rescues/_source.html.erb
  Rendered /Users/akramhelil/.rvm/gems/ruby-2.3.3/gems/actionpack-5.0.7.1/lib/action_dispatch/middleware/templates/rescues/_source.html.erb (5.2ms)
  Rendering /Users/akramhelil/.rvm/gems/ruby-2.3.3/gems/actionpack-5.0.7.1/lib/action_dispatch/middleware/templates/rescues/_trace.html.erb
  Rendered /Users/akramhelil/.rvm/gems/ruby-2.3.3/gems/actionpack-5.0.7.1/lib/action_dispatch/middleware/templates/rescues/_trace.html.erb (7.0ms)
  Rendering /Users/akramhelil/.rvm/gems/ruby-2.3.3/gems/actionpack-5.0.7.1/lib/action_dispatch/middleware/templates/rescues/_request_and_response.html.erb
  Rendered /Users/akramhelil/.rvm/gems/ruby-2.3.3/gems/actionpack-5.0.7.1/lib/action_dispatch/middleware/templates/rescues/_request_and_response.html.erb (1.3ms)
  Rendered /Users/akramhelil/.rvm/gems/ruby-2.3.3/gems/actionpack-5.0.7.1/lib/action_dispatch/middleware/templates/rescues/template_error.html.erb within rescues/layout (179.4ms)
Started GET "/schools/1/edit" for ::1 at 2019-03-16 19:06:44 -0400
Processing by SchoolsController#edit as HTML
  Parameters: {"id"=>"1"}
  [1m[36mSchool Load (0.2ms)[0m  [1m[34mSELECT  "schools".* FROM "schools" WHERE "schools"."id" = ? LIMIT ?[0m  [["id", 1], ["LIMIT", 1]]
  Rendering schools/edit.erb within layouts/application
  Rendered schools/edit.erb within layouts/application (7.5ms)
Completed 500 Internal Server Error in 29ms (ActiveRecord: 0.8ms)


  
ActionView::Template::Error (undefined method `field' for #<School:0x007fb8574f4db0>):
    1: <h2>School Edit</h2>
    2: <%= form_for @school do |f| %>
    3:   <%= f.text_field :field %>
    4: 
    5: <% end %>
  
app/views/schools/edit.erb:3:in `block in _app_views_schools_edit_erb__1676737982305433954_70214861763440'
app/views/schools/edit.erb:2:in `_app_views_schools_edit_erb__1676737982305433954_70214861763440'
app/controllers/schools_controller.rb:25:in `edit'
  Rendering /Users/akramhelil/.rvm/gems/ruby-2.3.3/gems/actionpack-5.0.7.1/lib/action_dispatch/middleware/templates/rescues/template_error.html.erb within rescues/layout
  Rendering /Users/akramhelil/.rvm/gems/ruby-2.3.3/gems/actionpack-5.0.7.1/lib/action_dispatch/middleware/templates/rescues/_source.html.erb
  Rendered /Users/akramhelil/.rvm/gems/ruby-2.3.3/gems/actionpack-5.0.7.1/lib/action_dispatch/middleware/templates/rescues/_source.html.erb (4.1ms)
  Rendering /Users/akramhelil/.rvm/gems/ruby-2.3.3/gems/actionpack-5.0.7.1/lib/action_dispatch/middleware/templates/rescues/_trace.html.erb
  Rendered /Users/akramhelil/.rvm/gems/ruby-2.3.3/gems/actionpack-5.0.7.1/lib/action_dispatch/middleware/templates/rescues/_trace.html.erb (2.7ms)
  Rendering /Users/akramhelil/.rvm/gems/ruby-2.3.3/gems/actionpack-5.0.7.1/lib/action_dispatch/middleware/templates/rescues/_request_and_response.html.erb
  Rendered /Users/akramhelil/.rvm/gems/ruby-2.3.3/gems/actionpack-5.0.7.1/lib/action_dispatch/middleware/templates/rescues/_request_and_response.html.erb (3.2ms)
  Rendered /Users/akramhelil/.rvm/gems/ruby-2.3.3/gems/actionpack-5.0.7.1/lib/action_dispatch/middleware/templates/rescues/template_error.html.erb within rescues/layout (105.8ms)
Started GET "/schools/1/edit" for ::1 at 2019-03-16 19:06:52 -0400
Processing by SchoolsController#edit as HTML
  Parameters: {"id"=>"1"}
  [1m[36mSchool Load (0.2ms)[0m  [1m[34mSELECT  "schools".* FROM "schools" WHERE "schools"."id" = ? LIMIT ?[0m  [["id", 1], ["LIMIT", 1]]
  Rendering schools/edit.erb within layouts/application
  Rendered schools/edit.erb within layouts/application (13.3ms)
Completed 500 Internal Server Error in 26ms (ActiveRecord: 0.2ms)


  
ActionView::Template::Error (undefined method `field' for #<School:0x007fb857fcdae8>):
    1: <h2>School Edit</h2>
    2: <%= form_for @school do |f| %>
    3:   <%= f.text_field :field %>
    4: 
    5: <% end %>
  
app/views/schools/edit.erb:3:in `block in _app_views_schools_edit_erb__1676737982305433954_70214863446200'
app/views/schools/edit.erb:2:in `_app_views_schools_edit_erb__1676737982305433954_70214863446200'
app/controllers/schools_controller.rb:25:in `edit'
  Rendering /Users/akramhelil/.rvm/gems/ruby-2.3.3/gems/actionpack-5.0.7.1/lib/action_dispatch/middleware/templates/rescues/template_error.html.erb within rescues/layout
  Rendering /Users/akramhelil/.rvm/gems/ruby-2.3.3/gems/actionpack-5.0.7.1/lib/action_dispatch/middleware/templates/rescues/_source.html.erb
  Rendered /Users/akramhelil/.rvm/gems/ruby-2.3.3/gems/actionpack-5.0.7.1/lib/action_dispatch/middleware/templates/rescues/_source.html.erb (22.7ms)
  Rendering /Users/akramhelil/.rvm/gems/ruby-2.3.3/gems/actionpack-5.0.7.1/lib/action_dispatch/middleware/templates/rescues/_trace.html.erb
  Rendered /Users/akramhelil/.rvm/gems/ruby-2.3.3/gems/actionpack-5.0.7.1/lib/action_dispatch/middleware/templates/rescues/_trace.html.erb (2.8ms)
  Rendering /Users/akramhelil/.rvm/gems/ruby-2.3.3/gems/actionpack-5.0.7.1/lib/action_dispatch/middleware/templates/rescues/_request_and_response.html.erb
  Rendered /Users/akramhelil/.rvm/gems/ruby-2.3.3/gems/actionpack-5.0.7.1/lib/action_dispatch/middleware/templates/rescues/_request_and_response.html.erb (14.0ms)
  Rendered /Users/akramhelil/.rvm/gems/ruby-2.3.3/gems/actionpack-5.0.7.1/lib/action_dispatch/middleware/templates/rescues/template_error.html.erb within rescues/layout (305.6ms)
Started GET "/schools/1/edit" for ::1 at 2019-03-16 19:06:53 -0400
Processing by SchoolsController#edit as HTML
  Parameters: {"id"=>"1"}
  [1m[36mSchool Load (0.1ms)[0m  [1m[34mSELECT  "schools".* FROM "schools" WHERE "schools"."id" = ? LIMIT ?[0m  [["id", 1], ["LIMIT", 1]]
  Rendering schools/edit.erb within layouts/application
  Rendered schools/edit.erb within layouts/application (8.0ms)
Completed 500 Internal Server Error in 17ms (ActiveRecord: 0.1ms)


  
ActionView::Template::Error (undefined method `field' for #<School:0x007fb857639e78>):
    1: <h2>School Edit</h2>
    2: <%= form_for @school do |f| %>
    3:   <%= f.text_field :field %>
    4: 
    5: <% end %>
  
app/views/schools/edit.erb:3:in `block in _app_views_schools_edit_erb__1676737982305433954_70214858424940'
app/views/schools/edit.erb:2:in `_app_views_schools_edit_erb__1676737982305433954_70214858424940'
app/controllers/schools_controller.rb:25:in `edit'
  Rendering /Users/akramhelil/.rvm/gems/ruby-2.3.3/gems/actionpack-5.0.7.1/lib/action_dispatch/middleware/templates/rescues/template_error.html.erb within rescues/layout
  Rendering /Users/akramhelil/.rvm/gems/ruby-2.3.3/gems/actionpack-5.0.7.1/lib/action_dispatch/middleware/templates/rescues/_source.html.erb
  Rendered /Users/akramhelil/.rvm/gems/ruby-2.3.3/gems/actionpack-5.0.7.1/lib/action_dispatch/middleware/templates/rescues/_source.html.erb (16.8ms)
  Rendering /Users/akramhelil/.rvm/gems/ruby-2.3.3/gems/actionpack-5.0.7.1/lib/action_dispatch/middleware/templates/rescues/_trace.html.erb
  Rendered /Users/akramhelil/.rvm/gems/ruby-2.3.3/gems/actionpack-5.0.7.1/lib/action_dispatch/middleware/templates/rescues/_trace.html.erb (2.6ms)
  Rendering /Users/akramhelil/.rvm/gems/ruby-2.3.3/gems/actionpack-5.0.7.1/lib/action_dispatch/middleware/templates/rescues/_request_and_response.html.erb
  Rendered /Users/akramhelil/.rvm/gems/ruby-2.3.3/gems/actionpack-5.0.7.1/lib/action_dispatch/middleware/templates/rescues/_request_and_response.html.erb (5.4ms)
  Rendered /Users/akramhelil/.rvm/gems/ruby-2.3.3/gems/actionpack-5.0.7.1/lib/action_dispatch/middleware/templates/rescues/template_error.html.erb within rescues/layout (223.9ms)
Started GET "/schools/1/edit" for ::1 at 2019-03-16 19:07:03 -0400
Processing by SchoolsController#edit as HTML
  Parameters: {"id"=>"1"}
  [1m[36mSchool Load (0.1ms)[0m  [1m[34mSELECT  "schools".* FROM "schools" WHERE "schools"."id" = ? LIMIT ?[0m  [["id", 1], ["LIMIT", 1]]
  Rendering schools/edit.erb within layouts/application
  Rendered schools/edit.erb within layouts/application (0.5ms)
Completed 200 OK in 53ms (Views: 50.2ms | ActiveRecord: 0.1ms)


Started GET "/schools/1/edit" for ::1 at 2019-03-16 19:07:49 -0400
Processing by SchoolsController#edit as HTML
  Parameters: {"id"=>"1"}
  [1m[36mSchool Load (0.1ms)[0m  [1m[34mSELECT  "schools".* FROM "schools" WHERE "schools"."id" = ? LIMIT ?[0m  [["id", 1], ["LIMIT", 1]]
  Rendering schools/edit.erb within layouts/application
  Rendered schools/edit.erb within layouts/application (1.8ms)
Completed 200 OK in 29ms (Views: 27.4ms | ActiveRecord: 0.1ms)


Started PATCH "/schools/1" for ::1 at 2019-03-16 19:08:01 -0400
Processing by SchoolsController#update as HTML
  Parameters: {"utf8"=>"✓", "authenticity_token"=>"4qnIJSJi+pm1n8lm9O/l+CwGcFGWpPGFINnbULVy3Q2vRq6nWOjdre5i3wtmW6z9JCACBAEsojNl9HSVqqjGzQ==", "school"=>{"title"=>"Nice School", "roon_number"=>"104"}, "commit"=>"Update School", "id"=>"1"}
  [1m[36mSchool Load (0.2ms)[0m  [1m[34mSELECT  "schools".* FROM "schools" WHERE "schools"."id" = ? LIMIT ?[0m  [["id", nil], ["LIMIT", 1]]
Completed 404 Not Found in 3ms (ActiveRecord: 0.2ms)


  
ActiveRecord::RecordNotFound (Couldn't find School with 'id'=):
  
app/controllers/schools_controller.rb:30:in `update'
  Rendering /Users/akramhelil/.rvm/gems/ruby-2.3.3/gems/actionpack-5.0.7.1/lib/action_dispatch/middleware/templates/rescues/diagnostics.html.erb within rescues/layout
  Rendering /Users/akramhelil/.rvm/gems/ruby-2.3.3/gems/actionpack-5.0.7.1/lib/action_dispatch/middleware/templates/rescues/_source.html.erb
  Rendered /Users/akramhelil/.rvm/gems/ruby-2.3.3/gems/actionpack-5.0.7.1/lib/action_dispatch/middleware/templates/rescues/_source.html.erb (12.1ms)
  Rendering /Users/akramhelil/.rvm/gems/ruby-2.3.3/gems/actionpack-5.0.7.1/lib/action_dispatch/middleware/templates/rescues/_trace.html.erb
  Rendered /Users/akramhelil/.rvm/gems/ruby-2.3.3/gems/actionpack-5.0.7.1/lib/action_dispatch/middleware/templates/rescues/_trace.html.erb (3.1ms)
  Rendering /Users/akramhelil/.rvm/gems/ruby-2.3.3/gems/actionpack-5.0.7.1/lib/action_dispatch/middleware/templates/rescues/_request_and_response.html.erb
  Rendered /Users/akramhelil/.rvm/gems/ruby-2.3.3/gems/actionpack-5.0.7.1/lib/action_dispatch/middleware/templates/rescues/_request_and_response.html.erb (2.2ms)
  Rendered /Users/akramhelil/.rvm/gems/ruby-2.3.3/gems/actionpack-5.0.7.1/lib/action_dispatch/middleware/templates/rescues/diagnostics.html.erb within rescues/layout (142.2ms)
Started PATCH "/schools/1" for ::1 at 2019-03-16 19:08:30 -0400
Processing by SchoolsController#update as HTML
  Parameters: {"utf8"=>"✓", "authenticity_token"=>"4qnIJSJi+pm1n8lm9O/l+CwGcFGWpPGFINnbULVy3Q2vRq6nWOjdre5i3wtmW6z9JCACBAEsojNl9HSVqqjGzQ==", "school"=>{"title"=>"Nice School", "roon_number"=>"104"}, "commit"=>"Update School", "id"=>"1"}
  [1m[36mSchool Load (0.2ms)[0m  [1m[34mSELECT  "schools".* FROM "schools" WHERE "schools"."id" = ? LIMIT ?[0m  [["id", 1], ["LIMIT", 1]]
  [1m[35m (0.1ms)[0m  [1m[36mbegin transaction[0m
  [1m[35m (0.1ms)[0m  [1m[31mrollback transaction[0m
Completed 500 Internal Server Error in 14ms (ActiveRecord: 1.1ms)


  
ActiveModel::ForbiddenAttributesError (ActiveModel::ForbiddenAttributesError):
  
app/controllers/schools_controller.rb:31:in `update'
  Rendering /Users/akramhelil/.rvm/gems/ruby-2.3.3/gems/actionpack-5.0.7.1/lib/action_dispatch/middleware/templates/rescues/diagnostics.html.erb within rescues/layout
  Rendering /Users/akramhelil/.rvm/gems/ruby-2.3.3/gems/actionpack-5.0.7.1/lib/action_dispatch/middleware/templates/rescues/_source.html.erb
  Rendered /Users/akramhelil/.rvm/gems/ruby-2.3.3/gems/actionpack-5.0.7.1/lib/action_dispatch/middleware/templates/rescues/_source.html.erb (3.9ms)
  Rendering /Users/akramhelil/.rvm/gems/ruby-2.3.3/gems/actionpack-5.0.7.1/lib/action_dispatch/middleware/templates/rescues/_trace.html.erb
  Rendered /Users/akramhelil/.rvm/gems/ruby-2.3.3/gems/actionpack-5.0.7.1/lib/action_dispatch/middleware/templates/rescues/_trace.html.erb (4.2ms)
  Rendering /Users/akramhelil/.rvm/gems/ruby-2.3.3/gems/actionpack-5.0.7.1/lib/action_dispatch/middleware/templates/rescues/_request_and_response.html.erb
  Rendered /Users/akramhelil/.rvm/gems/ruby-2.3.3/gems/actionpack-5.0.7.1/lib/action_dispatch/middleware/templates/rescues/_request_and_response.html.erb (7.5ms)
  Rendered /Users/akramhelil/.rvm/gems/ruby-2.3.3/gems/actionpack-5.0.7.1/lib/action_dispatch/middleware/templates/rescues/diagnostics.html.erb within rescues/layout (240.6ms)
Started PATCH "/schools/1" for ::1 at 2019-03-16 19:09:04 -0400
Processing by SchoolsController#update as HTML
  Parameters: {"utf8"=>"✓", "authenticity_token"=>"4qnIJSJi+pm1n8lm9O/l+CwGcFGWpPGFINnbULVy3Q2vRq6nWOjdre5i3wtmW6z9JCACBAEsojNl9HSVqqjGzQ==", "school"=>{"title"=>"Nice School", "roon_number"=>"104"}, "commit"=>"Update School", "id"=>"1"}
  [1m[36mSchool Load (0.1ms)[0m  [1m[34mSELECT  "schools".* FROM "schools" WHERE "schools"."id" = ? LIMIT ?[0m  [["id", 1], ["LIMIT", 1]]
  [1m[35m (0.0ms)[0m  [1m[36mbegin transaction[0m
  [1m[35mSQL (0.4ms)[0m  [1m[33mUPDATE "schools" SET "title" = ?, "updated_at" = ? WHERE "schools"."id" = ?[0m  [["title", "Nice School"], ["updated_at", "2019-03-16 23:09:04.046602"], ["id", 1]]
  [1m[35m (1.6ms)[0m  [1m[36mcommit transaction[0m
No template found for SchoolsController#update, rendering head :no_content
Completed 204 No Content in 229ms (ActiveRecord: 2.9ms)


Started GET "/schools/1/edit" for ::1 at 2019-03-16 19:09:09 -0400
Processing by SchoolsController#edit as HTML
  Parameters: {"id"=>"1"}
  [1m[36mSchool Load (0.3ms)[0m  [1m[34mSELECT  "schools".* FROM "schools" WHERE "schools"."id" = ? LIMIT ?[0m  [["id", 1], ["LIMIT", 1]]
  Rendering schools/edit.erb within layouts/application
  Rendered schools/edit.erb within layouts/application (3.6ms)
Completed 200 OK in 56ms (Views: 53.9ms | ActiveRecord: 0.3ms)


Started PATCH "/schools/1" for ::1 at 2019-03-16 19:09:12 -0400
Processing by SchoolsController#update as HTML
  Parameters: {"utf8"=>"✓", "authenticity_token"=>"fQUwULR/XAMS9Dqq+LnJ+7MOZr+XP5Ush4V9Wpso8aMw6lbSzvV7N0kJLMdqDYD+uygU6gC3xprCqNKfhPLqYw==", "school"=>{"title"=>"Nice School", "roon_number"=>"104"}, "commit"=>"Update School", "id"=>"1"}
  [1m[36mSchool Load (0.2ms)[0m  [1m[34mSELECT  "schools".* FROM "schools" WHERE "schools"."id" = ? LIMIT ?[0m  [["id", 1], ["LIMIT", 1]]
  [1m[35m (0.1ms)[0m  [1m[36mbegin transaction[0m
  [1m[35m (0.1ms)[0m  [1m[36mcommit transaction[0m
No template found for SchoolsController#update, rendering head :no_content
Completed 204 No Content in 139ms (ActiveRecord: 0.3ms)


Started GET "/schools/2/edit" for ::1 at 2019-03-16 19:09:39 -0400
Processing by SchoolsController#edit as HTML
  Parameters: {"id"=>"2"}
  [1m[36mSchool Load (0.9ms)[0m  [1m[34mSELECT  "schools".* FROM "schools" WHERE "schools"."id" = ? LIMIT ?[0m  [["id", 2], ["LIMIT", 1]]
  Rendering schools/edit.erb within layouts/application
  Rendered schools/edit.erb within layouts/application (5.3ms)
Completed 200 OK in 89ms (Views: 65.3ms | ActiveRecord: 2.3ms)


Started PATCH "/schools/2" for ::1 at 2019-03-16 19:09:48 -0400
Processing by SchoolsController#update as HTML
  Parameters: {"utf8"=>"✓", "authenticity_token"=>"OTrD+oOKLDnsPTJpAvYglfWszmXRoj90cVPnUJAXRT501aV4+QALDbfAJASQQmmQ/Yq8MEYqbMI0fkiVj81e/g==", "school"=>{"title"=>"Great School", "roon_number"=>"1212121"}, "commit"=>"Update School", "id"=>"2"}
  [1m[36mSchool Load (0.3ms)[0m  [1m[34mSELECT  "schools".* FROM "schools" WHERE "schools"."id" = ? LIMIT ?[0m  [["id", 2], ["LIMIT", 1]]
  [1m[35m (0.2ms)[0m  [1m[36mbegin transaction[0m
  [1m[35mSQL (0.5ms)[0m  [1m[33mUPDATE "schools" SET "title" = ?, "updated_at" = ? WHERE "schools"."id" = ?[0m  [["title", "Great School"], ["updated_at", "2019-03-16 23:09:48.271982"], ["id", 2]]
  [1m[35m (0.8ms)[0m  [1m[36mcommit transaction[0m
Redirected to http://localhost:3000/schools
Completed 302 Found in 15ms (ActiveRecord: 1.8ms)


Started GET "/schools" for ::1 at 2019-03-16 19:09:48 -0400
Processing by SchoolsController#index as HTML
  Rendering schools/index.erb within layouts/application
  [1m[36mSchool Load (0.7ms)[0m  [1m[34mSELECT "schools".* FROM "schools"[0m
  Rendered schools/index.erb within layouts/application (8.2ms)
Completed 200 OK in 105ms (Views: 101.9ms | ActiveRecord: 0.7ms)


Started GET "/schools" for ::1 at 2019-03-16 19:09:52 -0400
Processing by SchoolsController#index as HTML
  Rendering schools/index.erb within layouts/application
  [1m[36mSchool Load (0.3ms)[0m  [1m[34mSELECT "schools".* FROM "schools"[0m
  Rendered schools/index.erb within layouts/application (1.8ms)
Completed 200 OK in 60ms (Views: 59.1ms | ActiveRecord: 0.3ms)


Started GET "/schools" for ::1 at 2019-03-16 19:11:01 -0400
Processing by SchoolsController#index as HTML
  Rendering schools/index.erb within layouts/application
  [1m[36mSchool Load (0.1ms)[0m  [1m[34mSELECT "schools".* FROM "schools"[0m
  Rendered schools/index.erb within layouts/application (1.8ms)
Completed 200 OK in 20ms (Views: 19.4ms | ActiveRecord: 0.1ms)


Started GET "/schools" for ::1 at 2019-03-16 19:11:02 -0400
Processing by SchoolsController#index as HTML
  Rendering schools/index.erb within layouts/application
  [1m[36mSchool Load (0.2ms)[0m  [1m[34mSELECT "schools".* FROM "schools"[0m
  Rendered schools/index.erb within layouts/application (2.2ms)
Completed 200 OK in 66ms (Views: 63.8ms | ActiveRecord: 0.2ms)


Started GET "/schools" for ::1 at 2019-03-16 19:11:04 -0400
Processing by SchoolsController#index as HTML
  Rendering schools/index.erb within layouts/application
  [1m[36mSchool Load (0.2ms)[0m  [1m[34mSELECT "schools".* FROM "schools"[0m
  Rendered schools/index.erb within layouts/application (6.8ms)
Completed 200 OK in 85ms (Views: 83.6ms | ActiveRecord: 0.2ms)


Started GET "/schools" for ::1 at 2019-03-16 19:11:05 -0400
Processing by SchoolsController#index as HTML
  Rendering schools/index.erb within layouts/application
  [1m[36mSchool Load (0.4ms)[0m  [1m[34mSELECT "schools".* FROM "schools"[0m
  Rendered schools/index.erb within layouts/application (5.3ms)
Completed 200 OK in 85ms (Views: 83.9ms | ActiveRecord: 0.4ms)


Started GET "/schools" for ::1 at 2019-03-16 19:11:06 -0400
Processing by SchoolsController#index as HTML
  Rendering schools/index.erb within layouts/application
  [1m[36mSchool Load (0.2ms)[0m  [1m[34mSELECT "schools".* FROM "schools"[0m
  Rendered schools/index.erb within layouts/application (2.3ms)
Completed 200 OK in 51ms (Views: 49.3ms | ActiveRecord: 0.2ms)


Started GET "/schools" for ::1 at 2019-03-16 19:11:22 -0400
Processing by SchoolsController#index as HTML
  Rendering schools/index.erb within layouts/application
  [1m[36mSchool Load (0.2ms)[0m  [1m[34mSELECT "schools".* FROM "schools"[0m
  Rendered schools/index.erb within layouts/application (3.9ms)
Completed 500 Internal Server Error in 11ms (ActiveRecord: 0.2ms)


  
ActionView::Template::Error (No route matches {:action=>"show", :controller=>"schools"} missing required keys: [:id]):
    2: <ul>
    3:   <% @schools.each do |s| %>
    4:   <label f>Title:</label>
    5:   <%= link_to s.title, school_path %><br>
    6:   <label f>Room Number:</label>
    7:   <%= s.roon_number %><br>
    8:   <% end %>
  
app/views/schools/index.erb:5:in `block in _app_views_schools_index_erb__4171949740256038172_70214824463260'
app/views/schools/index.erb:3:in `_app_views_schools_index_erb__4171949740256038172_70214824463260'
app/controllers/schools_controller.rb:5:in `index'
  Rendering /Users/akramhelil/.rvm/gems/ruby-2.3.3/gems/actionpack-5.0.7.1/lib/action_dispatch/middleware/templates/rescues/template_error.html.erb within rescues/layout
  Rendering /Users/akramhelil/.rvm/gems/ruby-2.3.3/gems/actionpack-5.0.7.1/lib/action_dispatch/middleware/templates/rescues/_source.html.erb
  Rendered /Users/akramhelil/.rvm/gems/ruby-2.3.3/gems/actionpack-5.0.7.1/lib/action_dispatch/middleware/templates/rescues/_source.html.erb (12.8ms)
  Rendering /Users/akramhelil/.rvm/gems/ruby-2.3.3/gems/actionpack-5.0.7.1/lib/action_dispatch/middleware/templates/rescues/_trace.html.erb
  Rendered /Users/akramhelil/.rvm/gems/ruby-2.3.3/gems/actionpack-5.0.7.1/lib/action_dispatch/middleware/templates/rescues/_trace.html.erb (2.7ms)
  Rendering /Users/akramhelil/.rvm/gems/ruby-2.3.3/gems/actionpack-5.0.7.1/lib/action_dispatch/middleware/templates/rescues/_request_and_response.html.erb
  Rendered /Users/akramhelil/.rvm/gems/ruby-2.3.3/gems/actionpack-5.0.7.1/lib/action_dispatch/middleware/templates/rescues/_request_and_response.html.erb (1.2ms)
  Rendered /Users/akramhelil/.rvm/gems/ruby-2.3.3/gems/actionpack-5.0.7.1/lib/action_dispatch/middleware/templates/rescues/template_error.html.erb within rescues/layout (127.4ms)
Started GET "/schools" for ::1 at 2019-03-16 19:11:37 -0400
Processing by SchoolsController#index as HTML
  Rendering schools/index.erb within layouts/application
  [1m[36mSchool Load (0.2ms)[0m  [1m[34mSELECT "schools".* FROM "schools"[0m
  Rendered schools/index.erb within layouts/application (1.7ms)
Completed 200 OK in 22ms (Views: 21.3ms | ActiveRecord: 0.2ms)


Started GET "/schools/1" for ::1 at 2019-03-16 19:11:39 -0400
Processing by SchoolsController#show as HTML
  Parameters: {"id"=>"1"}
  [1m[36mSchool Load (0.2ms)[0m  [1m[34mSELECT  "schools".* FROM "schools" WHERE "schools"."id" = ? LIMIT ?[0m  [["id", 1], ["LIMIT", 1]]
  Rendering schools/show.erb within layouts/application
  Rendered schools/show.erb within layouts/application (0.7ms)
Completed 200 OK in 119ms (Views: 115.6ms | ActiveRecord: 0.2ms)


Started GET "/schools" for ::1 at 2019-03-16 19:11:40 -0400
Processing by SchoolsController#index as HTML
  Rendering schools/index.erb within layouts/application
  [1m[36mSchool Load (0.6ms)[0m  [1m[34mSELECT "schools".* FROM "schools"[0m
  Rendered schools/index.erb within layouts/application (3.3ms)
Completed 200 OK in 127ms (Views: 125.7ms | ActiveRecord: 0.6ms)


Started GET "/schools/2" for ::1 at 2019-03-16 19:11:41 -0400
Processing by SchoolsController#show as HTML
  Parameters: {"id"=>"2"}
  [1m[36mSchool Load (0.1ms)[0m  [1m[34mSELECT  "schools".* FROM "schools" WHERE "schools"."id" = ? LIMIT ?[0m  [["id", 2], ["LIMIT", 1]]
  Rendering schools/show.erb within layouts/application
  Rendered schools/show.erb within layouts/application (0.8ms)
Completed 200 OK in 77ms (Views: 74.6ms | ActiveRecord: 0.1ms)


Started GET "/schools" for ::1 at 2019-03-16 19:11:42 -0400
Processing by SchoolsController#index as HTML
  Rendering schools/index.erb within layouts/application
  [1m[36mSchool Load (0.3ms)[0m  [1m[34mSELECT "schools".* FROM "schools"[0m
  Rendered schools/index.erb within layouts/application (2.6ms)
Completed 200 OK in 100ms (Views: 99.0ms | ActiveRecord: 0.3ms)


